
**** Build of configuration Debug for project tirtos_builds_CC1350_LAUNCHXL_release_gcc ****

"C:\\ti\\ccsv7\\utils\\bin\\gmake" -k -j 4 all -O 
gmake[1]: Entering directory 'C:/Users/Vitor/Desktop/Doutoramento/2nd_semester/SpecialTopics/4.development/1.CCS_workspace/tirtos_builds_CC1350_LAUNCHXL_release_gcc/Debug'
'Building file: ../release.cfg'
'Invoking: XDCtools'
"C:/ti/xdctools_3_50_00_10_core/xs" --xdcpath="C:/ti/simplelink_cc13x0_sdk_1_30_00_06/source;C:/ti/simplelink_cc13x0_sdk_1_30_00_06/kernel/tirtos/packages;C:/ti/ccsv7/ccs_base;" xdc.tools.configuro -o configPkg -t gnu.targets.arm.M3 -p ti.platforms.simplelink:CC1350F128 -r release -c "C:/ti/ccsv7/tools/compiler/gcc-arm-none-eabi-4_9-2015q3" --compileOptions " -DDEVICE_FAMILY=cc13x0 " "../release.cfg"
making package.mak (because of package.bld) ...
generating interfaces for package configPkg (because package/package.xdc.inc is older than package.xdc) ...
configuring release.xm3g from package/cfg/release_pm3g.cfg ...
generating custom ROM library makefile ... 
Starting build of library sources ...
making C:/Users/Vitor/Desktop/Doutoramento/2nd_semester/SpecialTopics/4.development/1.CCS_workspace/tirtos_builds_CC1350_LAUNCHXL_release_gcc/src/sysbios/rom_sysbios.am3g ...
gmake[1]: Entering directory `C:/Users/Vitor/Desktop/Doutoramento/2nd_semester/SpecialTopics/4.development/1.CCS_workspace/tirtos_builds_CC1350_LAUNCHXL_release_gcc/src/sysbios'
asmm3g C:/ti/simplelink_cc13x0_sdk_1_30_00_06/kernel/tirtos/packages/ti/sysbios/family/arm/m3/Hwi_asm_gnu.sv7M ...
asmm3g C:/ti/simplelink_cc13x0_sdk_1_30_00_06/kernel/tirtos/packages/ti/sysbios/family/arm/m3/Hwi_asm_switch_gnu.sv7M ...
asmm3g C:/ti/simplelink_cc13x0_sdk_1_30_00_06/kernel/tirtos/packages/ti/sysbios/family/arm/m3/IntrinsicsSupport_asm_gnu.sv7M ...
asmm3g C:/ti/simplelink_cc13x0_sdk_1_30_00_06/kernel/tirtos/packages/ti/sysbios/family/arm/m3/TaskSupport_asm_gnu.sv7M ...
clm3g C:/ti/simplelink_cc13x0_sdk_1_30_00_06/kernel/tirtos/packages/ti/sysbios/BIOS.c ...
clm3g C:/ti/simplelink_cc13x0_sdk_1_30_00_06/kernel/tirtos/packages/ti/sysbios/knl/Clock.c ...
clm3g C:/Users/Vitor/Desktop/Doutoramento/2nd_semester/SpecialTopics/4.development/1.CCS_workspace/tirtos_builds_CC1350_LAUNCHXL_release_gcc/Debug/configPkg/package/cfg/release_pm3g_ti_sysbios_knl_Clock_config.c ...
clm3g C:/ti/simplelink_cc13x0_sdk_1_30_00_06/kernel/tirtos/packages/ti/sysbios/knl/Idle.c ...
clm3g C:/ti/simplelink_cc13x0_sdk_1_30_00_06/kernel/tirtos/packages/ti/sysbios/knl/Intrinsics.c ...
clm3g C:/ti/simplelink_cc13x0_sdk_1_30_00_06/kernel/tirtos/packages/ti/sysbios/knl/Event.c ...
clm3g C:/ti/simplelink_cc13x0_sdk_1_30_00_06/kernel/tirtos/packages/ti/sysbios/knl/Mailbox.c ...
clm3g C:/Users/Vitor/Desktop/Doutoramento/2nd_semester/SpecialTopics/4.development/1.CCS_workspace/tirtos_builds_CC1350_LAUNCHXL_release_gcc/Debug/configPkg/package/cfg/release_pm3g_ti_sysbios_knl_Mailbox_config.c ...
clm3g C:/ti/simplelink_cc13x0_sdk_1_30_00_06/kernel/tirtos/packages/ti/sysbios/knl/Queue.c ...
clm3g C:/Users/Vitor/Desktop/Doutoramento/2nd_semester/SpecialTopics/4.development/1.CCS_workspace/tirtos_builds_CC1350_LAUNCHXL_release_gcc/Debug/configPkg/package/cfg/release_pm3g_ti_sysbios_knl_Queue_config.c ...
clm3g C:/ti/simplelink_cc13x0_sdk_1_30_00_06/kernel/tirtos/packages/ti/sysbios/knl/Semaphore.c ...
clm3g C:/Users/Vitor/Desktop/Doutoramento/2nd_semester/SpecialTopics/4.development/1.CCS_workspace/tirtos_builds_CC1350_LAUNCHXL_release_gcc/Debug/configPkg/package/cfg/release_pm3g_ti_sysbios_knl_Semaphore_config.c ...
clm3g C:/ti/simplelink_cc13x0_sdk_1_30_00_06/kernel/tirtos/packages/ti/sysbios/knl/Swi.c ...
clm3g C:/ti/simplelink_cc13x0_sdk_1_30_00_06/kernel/tirtos/packages/ti/sysbios/knl/Swi_andn.c ...
clm3g C:/Users/Vitor/Desktop/Doutoramento/2nd_semester/SpecialTopics/4.development/1.CCS_workspace/tirtos_builds_CC1350_LAUNCHXL_release_gcc/Debug/configPkg/package/cfg/release_pm3g_ti_sysbios_knl_Swi_config.c ...
clm3g C:/ti/simplelink_cc13x0_sdk_1_30_00_06/kernel/tirtos/packages/ti/sysbios/knl/Task.c ...
clm3g C:/Users/Vitor/Desktop/Doutoramento/2nd_semester/SpecialTopics/4.development/1.CCS_workspace/tirtos_builds_CC1350_LAUNCHXL_release_gcc/Debug/configPkg/package/cfg/release_pm3g_ti_sysbios_knl_Task_config.c ...
clm3g C:/Users/Vitor/Desktop/Doutoramento/2nd_semester/SpecialTopics/4.development/1.CCS_workspace/tirtos_builds_CC1350_LAUNCHXL_release_gcc/Debug/configPkg/package/cfg/release_pm3g_ti_sysbios_knl_Clock_TimerProxy_config.c ...
clm3g C:/Users/Vitor/Desktop/Doutoramento/2nd_semester/SpecialTopics/4.development/1.CCS_workspace/tirtos_builds_CC1350_LAUNCHXL_release_gcc/Debug/configPkg/package/cfg/release_pm3g_ti_sysbios_knl_Task_SupportProxy_config.c ...
clm3g C:/Users/Vitor/Desktop/Doutoramento/2nd_semester/SpecialTopics/4.development/1.CCS_workspace/tirtos_builds_CC1350_LAUNCHXL_release_gcc/Debug/configPkg/package/cfg/release_pm3g_ti_sysbios_BIOS_config.c ...
clm3g C:/Users/Vitor/Desktop/Doutoramento/2nd_semester/SpecialTopics/4.development/1.CCS_workspace/tirtos_builds_CC1350_LAUNCHXL_release_gcc/Debug/configPkg/package/cfg/release_pm3g_ti_sysbios_BIOS_RtsGateProxy_config.c ...
clm3g C:/ti/simplelink_cc13x0_sdk_1_30_00_06/kernel/tirtos/packages/ti/sysbios/family/arm/m3/Hwi.c ...
clm3g C:/Users/Vitor/Desktop/Doutoramento/2nd_semester/SpecialTopics/4.development/1.CCS_workspace/tirtos_builds_CC1350_LAUNCHXL_release_gcc/Debug/configPkg/package/cfg/release_pm3g_ti_sysbios_family_arm_m3_Hwi_config.c ...
clm3g C:/ti/simplelink_cc13x0_sdk_1_30_00_06/kernel/tirtos/packages/ti/sysbios/family/arm/m3/TaskSupport.c ...
clm3g C:/Users/Vitor/Desktop/Doutoramento/2nd_semester/SpecialTopics/4.development/1.CCS_workspace/tirtos_builds_CC1350_LAUNCHXL_release_gcc/Debug/configPkg/package/cfg/release_pm3g_ti_sysbios_family_arm_m3_TaskSupport_config.c ...
clm3g C:/ti/simplelink_cc13x0_sdk_1_30_00_06/kernel/tirtos/packages/ti/sysbios/family/arm/cc26xx/Boot.c ...
clm3g C:/ti/simplelink_cc13x0_sdk_1_30_00_06/kernel/tirtos/packages/ti/sysbios/family/arm/cc26xx/Seconds.c ...
clm3g C:/ti/simplelink_cc13x0_sdk_1_30_00_06/kernel/tirtos/packages/ti/sysbios/family/arm/cc26xx/Timer.c ...
clm3g C:/Users/Vitor/Desktop/Doutoramento/2nd_semester/SpecialTopics/4.development/1.CCS_workspace/tirtos_builds_CC1350_LAUNCHXL_release_gcc/Debug/configPkg/package/cfg/release_pm3g_ti_sysbios_family_arm_cc26xx_Timer_config.c ...
clm3g C:/ti/simplelink_cc13x0_sdk_1_30_00_06/kernel/tirtos/packages/ti/sysbios/family/arm/cc26xx/TimestampProvider.c ...
clm3g C:/Users/Vitor/Desktop/Doutoramento/2nd_semester/SpecialTopics/4.development/1.CCS_workspace/tirtos_builds_CC1350_LAUNCHXL_release_gcc/Debug/configPkg/package/cfg/release_pm3g_ti_sysbios_family_arm_cc26xx_TimestampProvider_config.c ...
clm3g C:/ti/simplelink_cc13x0_sdk_1_30_00_06/kernel/tirtos/packages/ti/sysbios/hal/Hwi.c ...
clm3g C:/ti/simplelink_cc13x0_sdk_1_30_00_06/kernel/tirtos/packages/ti/sysbios/hal/Hwi_stack.c ...
clm3g C:/ti/simplelink_cc13x0_sdk_1_30_00_06/kernel/tirtos/packages/ti/sysbios/hal/Hwi_startup.c ...
clm3g C:/Users/Vitor/Desktop/Doutoramento/2nd_semester/SpecialTopics/4.development/1.CCS_workspace/tirtos_builds_CC1350_LAUNCHXL_release_gcc/Debug/configPkg/package/cfg/release_pm3g_ti_sysbios_hal_Hwi_config.c ...
clm3g C:/ti/simplelink_cc13x0_sdk_1_30_00_06/kernel/tirtos/packages/ti/sysbios/hal/Seconds.c ...
clm3g C:/Users/Vitor/Desktop/Doutoramento/2nd_semester/SpecialTopics/4.development/1.CCS_workspace/tirtos_builds_CC1350_LAUNCHXL_release_gcc/Debug/configPkg/package/cfg/release_pm3g_ti_sysbios_hal_Hwi_HwiProxy_config.c ...
clm3g C:/ti/simplelink_cc13x0_sdk_1_30_00_06/kernel/tirtos/packages/ti/sysbios/heaps/HeapMem.c ...
clm3g C:/Users/Vitor/Desktop/Doutoramento/2nd_semester/SpecialTopics/4.development/1.CCS_workspace/tirtos_builds_CC1350_LAUNCHXL_release_gcc/Debug/configPkg/package/cfg/release_pm3g_ti_sysbios_heaps_HeapMem_config.c ...
clm3g C:/Users/Vitor/Desktop/Doutoramento/2nd_semester/SpecialTopics/4.development/1.CCS_workspace/tirtos_builds_CC1350_LAUNCHXL_release_gcc/Debug/configPkg/package/cfg/release_pm3g_ti_sysbios_heaps_HeapMem_Module_GateProxy_config.c ...
clm3g C:/ti/simplelink_cc13x0_sdk_1_30_00_06/kernel/tirtos/packages/ti/sysbios/rts/gnu/ReentSupport.c ...
clm3g C:/ti/simplelink_cc13x0_sdk_1_30_00_06/kernel/tirtos/packages/ti/sysbios/posix/pthread.c ...
clm3g C:/ti/simplelink_cc13x0_sdk_1_30_00_06/kernel/tirtos/packages/ti/sysbios/posix/pthread_barrier.c ...
clm3g C:/ti/simplelink_cc13x0_sdk_1_30_00_06/kernel/tirtos/packages/ti/sysbios/posix/pthread_cond.c ...
clm3g C:/ti/simplelink_cc13x0_sdk_1_30_00_06/kernel/tirtos/packages/ti/sysbios/posix/pthread_key.c ...
clm3g C:/ti/simplelink_cc13x0_sdk_1_30_00_06/kernel/tirtos/packages/ti/sysbios/posix/pthread_mutex.c ...
clm3g C:/ti/simplelink_cc13x0_sdk_1_30_00_06/kernel/tirtos/packages/ti/sysbios/posix/pthread_rwlock.c ...
clm3g C:/ti/simplelink_cc13x0_sdk_1_30_00_06/kernel/tirtos/packages/ti/sysbios/posix/clock.c ...
clm3g C:/ti/simplelink_cc13x0_sdk_1_30_00_06/kernel/tirtos/packages/ti/sysbios/posix/mqueue.c ...
clm3g C:/ti/simplelink_cc13x0_sdk_1_30_00_06/kernel/tirtos/packages/ti/sysbios/posix/sched.c ...
clm3g C:/ti/simplelink_cc13x0_sdk_1_30_00_06/kernel/tirtos/packages/ti/sysbios/posix/semaphore.c ...
clm3g C:/ti/simplelink_cc13x0_sdk_1_30_00_06/kernel/tirtos/packages/ti/sysbios/posix/sleep.c ...
clm3g C:/ti/simplelink_cc13x0_sdk_1_30_00_06/kernel/tirtos/packages/ti/sysbios/posix/timer.c ...
clm3g C:/ti/simplelink_cc13x0_sdk_1_30_00_06/kernel/tirtos/packages/ti/sysbios/gates/GateHwi.c ...
clm3g C:/Users/Vitor/Desktop/Doutoramento/2nd_semester/SpecialTopics/4.development/1.CCS_workspace/tirtos_builds_CC1350_LAUNCHXL_release_gcc/Debug/configPkg/package/cfg/release_pm3g_ti_sysbios_gates_GateHwi_config.c ...
clm3g C:/ti/simplelink_cc13x0_sdk_1_30_00_06/kernel/tirtos/packages/ti/sysbios/gates/GateMutex.c ...
clm3g C:/Users/Vitor/Desktop/Doutoramento/2nd_semester/SpecialTopics/4.development/1.CCS_workspace/tirtos_builds_CC1350_LAUNCHXL_release_gcc/Debug/configPkg/package/cfg/release_pm3g_ti_sysbios_gates_GateMutex_config.c ...
clm3g C:/ti/xdctools_3_50_00_10_core/packages/xdc/runtime/xdc_noinit.c ...
clm3g C:/ti/xdctools_3_50_00_10_core/packages/xdc/runtime/Assert.c ...
clm3g C:/ti/xdctools_3_50_00_10_core/packages/xdc/runtime/Core-mem.c ...
clm3g C:/ti/xdctools_3_50_00_10_core/packages/xdc/runtime/Core-smem.c ...
clm3g C:/ti/xdctools_3_50_00_10_core/packages/xdc/runtime/Core-label.c ...
clm3g C:/ti/xdctools_3_50_00_10_core/packages/xdc/runtime/Core-params.c ...
clm3g C:/ti/xdctools_3_50_00_10_core/packages/xdc/runtime/Diags.c ...
clm3g C:/ti/xdctools_3_50_00_10_core/packages/xdc/runtime/Error.c ...
clm3g C:/Users/Vitor/Desktop/Doutoramento/2nd_semester/SpecialTopics/4.development/1.CCS_workspace/tirtos_builds_CC1350_LAUNCHXL_release_gcc/Debug/configPkg/package/cfg/release_pm3g_xdc_runtime_Error_config.c ...
clm3g C:/ti/xdctools_3_50_00_10_core/packages/xdc/runtime/Gate.c ...
clm3g C:/ti/xdctools_3_50_00_10_core/packages/xdc/runtime/Log.c ...
clm3g C:/ti/xdctools_3_50_00_10_core/packages/xdc/runtime/Memory.c ...
clm3g C:/Users/Vitor/Desktop/Doutoramento/2nd_semester/SpecialTopics/4.development/1.CCS_workspace/tirtos_builds_CC1350_LAUNCHXL_release_gcc/Debug/configPkg/package/cfg/release_pm3g_xdc_runtime_Memory_config.c ...
clm3g C:/ti/xdctools_3_50_00_10_core/packages/xdc/runtime/Registry.c ...
clm3g C:/ti/xdctools_3_50_00_10_core/packages/xdc/runtime/Startup.c ...
clm3g C:/ti/xdctools_3_50_00_10_core/packages/xdc/runtime/System.c ...
clm3g C:/Users/Vitor/Desktop/Doutoramento/2nd_semester/SpecialTopics/4.development/1.CCS_workspace/tirtos_builds_CC1350_LAUNCHXL_release_gcc/Debug/configPkg/package/cfg/release_pm3g_xdc_runtime_System_config.c ...
clm3g C:/ti/xdctools_3_50_00_10_core/packages/xdc/runtime/SysCallback.c ...
clm3g C:/Users/Vitor/Desktop/Doutoramento/2nd_semester/SpecialTopics/4.development/1.CCS_workspace/tirtos_builds_CC1350_LAUNCHXL_release_gcc/Debug/configPkg/package/cfg/release_pm3g_xdc_runtime_SysCallback_config.c ...
clm3g C:/ti/xdctools_3_50_00_10_core/packages/xdc/runtime/Text.c ...
clm3g C:/ti/xdctools_3_50_00_10_core/packages/xdc/runtime/Timestamp.c ...
clm3g C:/Users/Vitor/Desktop/Doutoramento/2nd_semester/SpecialTopics/4.development/1.CCS_workspace/tirtos_builds_CC1350_LAUNCHXL_release_gcc/Debug/configPkg/package/cfg/release_pm3g_xdc_runtime_Timestamp_config.c ...
clm3g C:/Users/Vitor/Desktop/Doutoramento/2nd_semester/SpecialTopics/4.development/1.CCS_workspace/tirtos_builds_CC1350_LAUNCHXL_release_gcc/Debug/configPkg/package/cfg/release_pm3g_xdc_runtime_Memory_HeapProxy_config.c ...
clm3g C:/Users/Vitor/Desktop/Doutoramento/2nd_semester/SpecialTopics/4.development/1.CCS_workspace/tirtos_builds_CC1350_LAUNCHXL_release_gcc/Debug/configPkg/package/cfg/release_pm3g_xdc_runtime_System_Module_GateProxy_config.c ...
clm3g C:/Users/Vitor/Desktop/Doutoramento/2nd_semester/SpecialTopics/4.development/1.CCS_workspace/tirtos_builds_CC1350_LAUNCHXL_release_gcc/Debug/configPkg/package/cfg/release_pm3g_xdc_runtime_Timestamp_SupportProxy_config.c ...
arm3g m3_Hwi_asm_gnu.o m3_Hwi_asm_switch_gnu.o m3_IntrinsicsSupport_asm_gnu.o m3_TaskSupport_asm_gnu.o _BIOS.o knl_Clock.o cfg_release_pm3g_ti_sysbios_knl_Clock_config.o knl_Idle.o knl_Intrinsics.o knl_Event.o knl_Mailbox.o cfg_release_pm3g_ti_sysbios_knl_Mailbox_config.o knl_Queue.o cfg_release_pm3g_ti_sysbios_knl_Queue_config.o knl_Semaphore.o cfg_release_pm3g_ti_sysbios_knl_Semaphore_config.o knl_Swi.o knl_Swi_andn.o cfg_release_pm3g_ti_sysbios_knl_Swi_config.o knl_Task.o cfg_release_pm3g_ti_sysbios_knl_Task_config.o cfg_release_pm3g_ti_sysbios_knl_Clock_TimerProxy_config.o cfg_release_pm3g_ti_sysbios_knl_Task_SupportProxy_config.o cfg_release_pm3g_ti_sysbios_BIOS_config.o cfg_release_pm3g_ti_sysbios_BIOS_RtsGateProxy_config.o m3_Hwi.o cfg_release_pm3g_ti_sysbios_family_arm_m3_Hwi_config.o m3_TaskSupport.o cfg_release_pm3g_ti_sysbios_family_arm_m3_TaskSupport_config.o cc26xx_Boot.o cc26xx_Seconds.o cc26xx_Timer.o cfg_release_pm3g_ti_sysbios_family_arm_cc26xx_Timer_config.o cc26xx_TimestampProvider.o cfg_release_pm3g_ti_sysbios_family_arm_cc26xx_TimestampProvider_config.o hal_Hwi.o hal_Hwi_stack.o hal_Hwi_startup.o cfg_release_pm3g_ti_sysbios_hal_Hwi_config.o hal_Seconds.o cfg_release_pm3g_ti_sysbios_hal_Hwi_HwiProxy_config.o heaps_HeapMem.o cfg_release_pm3g_ti_sysbios_heaps_HeapMem_config.o cfg_release_pm3g_ti_sysbios_heaps_HeapMem_Module_GateProxy_config.o gnu_ReentSupport.o posix_pthread.o posix_pthread_barrier.o posix_pthread_cond.o posix_pthread_key.o posix_pthread_mutex.o posix_pthread_rwlock.o posix_clock.o posix_mqueue.o posix_sched.o posix_semaphore.o posix_sleep.o posix_timer.o gates_GateHwi.o cfg_release_pm3g_ti_sysbios_gates_GateHwi_config.o gates_GateMutex.o cfg_release_pm3g_ti_sysbios_gates_GateMutex_config.o runtime_xdc_noinit.o runtime_Assert.o runtime_Core-mem.o runtime_Core-smem.o runtime_Core-label.o runtime_Core-params.o runtime_Diags.o runtime_Error.o cfg_release_pm3g_xdc_runtime_Error_config.o runtime_Gate.o runtime_Log.o runtime_Memory.o cfg_release_pm3g_xdc_runtime_Memory_config.o runtime_Registry.o runtime_Startup.o runtime_System.o cfg_release_pm3g_xdc_runtime_System_config.o runtime_SysCallback.o cfg_release_pm3g_xdc_runtime_SysCallback_config.o runtime_Text.o runtime_Timestamp.o cfg_release_pm3g_xdc_runtime_Timestamp_config.o cfg_release_pm3g_xdc_runtime_Memory_HeapProxy_config.o cfg_release_pm3g_xdc_runtime_System_Module_GateProxy_config.o cfg_release_pm3g_xdc_runtime_Timestamp_SupportProxy_config.o ...
gmake[1]: Leaving directory `C:/Users/Vitor/Desktop/Doutoramento/2nd_semester/SpecialTopics/4.development/1.CCS_workspace/tirtos_builds_CC1350_LAUNCHXL_release_gcc/src/sysbios'
Build of libraries done.
clm3g package/cfg/release_pm3g.c ...
'Finished building: ../release.cfg'
' '
gmake[1]: Leaving directory 'C:/Users/Vitor/Desktop/Doutoramento/2nd_semester/SpecialTopics/4.development/1.CCS_workspace/tirtos_builds_CC1350_LAUNCHXL_release_gcc/Debug'
        1 file(s) copied.
making ../src/sysbios/rom_sysbios.am3g ...
gmake[1]: Nothing to be done for 'all'.
gmake[1]: Nothing to be done for 'configPkg/linker.cmd'.
making ../src/sysbios/rom_sysbios.am3g ...
gmake[2]: Nothing to be done for 'all'.

**** Build Finished ****

**** Build of configuration Debug for project tirtos_builds_CC1350_LAUNCHXL_release_gcc ****

"C:\\ti\\ccsv7\\utils\\bin\\gmake" -k -j 4 all -O 
making ../src/sysbios/rom_sysbios.am3g ...
gmake[1]: Nothing to be done for 'all'.
gmake[1]: Nothing to be done for 'configPkg/linker.cmd'.
making ../src/sysbios/rom_sysbios.am3g ...
gmake[2]: Nothing to be done for 'all'.

**** Build Finished ****

**** Build of configuration Debug for project rfWsnDmConcentrator_CC1350_LAUNCHXL_tirtos_gcc ****

"C:\\ti\\ccsv7\\utils\\bin\\gmake" -k -j 4 all -O 
'Building file: ../ccfg.c'
'Invoking: GNU Compiler'
"C:/ti/ccsv7/tools/compiler/gcc-arm-none-eabi-4_9-2015q3/bin/arm-none-eabi-gcc.exe" -c -mcpu=cortex-m3 -march=armv7-m -mthumb -mfloat-abi=soft -DBOARD_DISPLAY_USE_LCD=1 -DDEVICE_FAMILY=cc13x0 -I"C:/Users/Vitor/Desktop/Doutoramento/2nd_semester/SpecialTopics/4.development/1.CCS_workspace/rfWsnDmConcentrator_CC1350_LAUNCHXL_tirtos_gcc" -I"C:/ti/simplelink_cc13x0_sdk_1_30_00_06/kernel/tirtos/packages/ti/sysbios/posix" -I"C:/ti/ccsv7/tools/compiler/gcc-arm-none-eabi-4_9-2015q3/arm-none-eabi/include" -ffunction-sections -fdata-sections -g -gdwarf-3 -gstrict-dwarf -Wall -MMD -MP -MF"ccfg.d" -MT"ccfg.o" -o"ccfg.o" @"C:/Users/Vitor/Desktop/Doutoramento/2nd_semester/SpecialTopics/4.development/1.CCS_workspace/tirtos_builds_CC1350_LAUNCHXL_release_gcc/Debug/configPkg/compiler.opt" "../ccfg.c"
'Finished building: ../ccfg.c'
' '
'Building file: ../DmConcentratorRadioTask.c'
'Invoking: GNU Compiler'
"C:/ti/ccsv7/tools/compiler/gcc-arm-none-eabi-4_9-2015q3/bin/arm-none-eabi-gcc.exe" -c -mcpu=cortex-m3 -march=armv7-m -mthumb -mfloat-abi=soft -DBOARD_DISPLAY_USE_LCD=1 -DDEVICE_FAMILY=cc13x0 -I"C:/Users/Vitor/Desktop/Doutoramento/2nd_semester/SpecialTopics/4.development/1.CCS_workspace/rfWsnDmConcentrator_CC1350_LAUNCHXL_tirtos_gcc" -I"C:/ti/simplelink_cc13x0_sdk_1_30_00_06/kernel/tirtos/packages/ti/sysbios/posix" -I"C:/ti/ccsv7/tools/compiler/gcc-arm-none-eabi-4_9-2015q3/arm-none-eabi/include" -ffunction-sections -fdata-sections -g -gdwarf-3 -gstrict-dwarf -Wall -MMD -MP -MF"DmConcentratorRadioTask.d" -MT"DmConcentratorRadioTask.o" -o"DmConcentratorRadioTask.o" @"C:/Users/Vitor/Desktop/Doutoramento/2nd_semester/SpecialTopics/4.development/1.CCS_workspace/tirtos_builds_CC1350_LAUNCHXL_release_gcc/Debug/configPkg/compiler.opt" "../DmConcentratorRadioTask.c"
'Finished building: ../DmConcentratorRadioTask.c'
' '
'Building file: ../DmConcentratorTask.c'
'Invoking: GNU Compiler'
"C:/ti/ccsv7/tools/compiler/gcc-arm-none-eabi-4_9-2015q3/bin/arm-none-eabi-gcc.exe" -c -mcpu=cortex-m3 -march=armv7-m -mthumb -mfloat-abi=soft -DBOARD_DISPLAY_USE_LCD=1 -DDEVICE_FAMILY=cc13x0 -I"C:/Users/Vitor/Desktop/Doutoramento/2nd_semester/SpecialTopics/4.development/1.CCS_workspace/rfWsnDmConcentrator_CC1350_LAUNCHXL_tirtos_gcc" -I"C:/ti/simplelink_cc13x0_sdk_1_30_00_06/kernel/tirtos/packages/ti/sysbios/posix" -I"C:/ti/ccsv7/tools/compiler/gcc-arm-none-eabi-4_9-2015q3/arm-none-eabi/include" -ffunction-sections -fdata-sections -g -gdwarf-3 -gstrict-dwarf -Wall -MMD -MP -MF"DmConcentratorTask.d" -MT"DmConcentratorTask.o" -o"DmConcentratorTask.o" @"C:/Users/Vitor/Desktop/Doutoramento/2nd_semester/SpecialTopics/4.development/1.CCS_workspace/tirtos_builds_CC1350_LAUNCHXL_release_gcc/Debug/configPkg/compiler.opt" "../DmConcentratorTask.c"
'Finished building: ../DmConcentratorTask.c'
' '
'Building file: ../CC1350_LAUNCHXL.c'
'Invoking: GNU Compiler'
"C:/ti/ccsv7/tools/compiler/gcc-arm-none-eabi-4_9-2015q3/bin/arm-none-eabi-gcc.exe" -c -mcpu=cortex-m3 -march=armv7-m -mthumb -mfloat-abi=soft -DBOARD_DISPLAY_USE_LCD=1 -DDEVICE_FAMILY=cc13x0 -I"C:/Users/Vitor/Desktop/Doutoramento/2nd_semester/SpecialTopics/4.development/1.CCS_workspace/rfWsnDmConcentrator_CC1350_LAUNCHXL_tirtos_gcc" -I"C:/ti/simplelink_cc13x0_sdk_1_30_00_06/kernel/tirtos/packages/ti/sysbios/posix" -I"C:/ti/ccsv7/tools/compiler/gcc-arm-none-eabi-4_9-2015q3/arm-none-eabi/include" -ffunction-sections -fdata-sections -g -gdwarf-3 -gstrict-dwarf -Wall -MMD -MP -MF"CC1350_LAUNCHXL.d" -MT"CC1350_LAUNCHXL.o" -o"CC1350_LAUNCHXL.o" @"C:/Users/Vitor/Desktop/Doutoramento/2nd_semester/SpecialTopics/4.development/1.CCS_workspace/tirtos_builds_CC1350_LAUNCHXL_release_gcc/Debug/configPkg/compiler.opt" "../CC1350_LAUNCHXL.c"
'Finished building: ../CC1350_LAUNCHXL.c'
' '
'Building file: ../bim/oad_switch.c'
'Invoking: GNU Compiler'
"C:/ti/ccsv7/tools/compiler/gcc-arm-none-eabi-4_9-2015q3/bin/arm-none-eabi-gcc.exe" -c -mcpu=cortex-m3 -march=armv7-m -mthumb -mfloat-abi=soft -DBOARD_DISPLAY_USE_LCD=1 -DDEVICE_FAMILY=cc13x0 -I"C:/Users/Vitor/Desktop/Doutoramento/2nd_semester/SpecialTopics/4.development/1.CCS_workspace/rfWsnDmConcentrator_CC1350_LAUNCHXL_tirtos_gcc" -I"C:/ti/simplelink_cc13x0_sdk_1_30_00_06/kernel/tirtos/packages/ti/sysbios/posix" -I"C:/ti/ccsv7/tools/compiler/gcc-arm-none-eabi-4_9-2015q3/arm-none-eabi/include" -ffunction-sections -fdata-sections -g -gdwarf-3 -gstrict-dwarf -Wall -MMD -MP -MF"bim/oad_switch.d" -MT"bim/oad_switch.o" -o"bim/oad_switch.o" @"C:/Users/Vitor/Desktop/Doutoramento/2nd_semester/SpecialTopics/4.development/1.CCS_workspace/tirtos_builds_CC1350_LAUNCHXL_release_gcc/Debug/configPkg/compiler.opt" "../bim/oad_switch.c"
'Finished building: ../bim/oad_switch.c'
' '
'Building file: ../rfWsnDmConcentrator.c'
'Invoking: GNU Compiler'
"C:/ti/ccsv7/tools/compiler/gcc-arm-none-eabi-4_9-2015q3/bin/arm-none-eabi-gcc.exe" -c -mcpu=cortex-m3 -march=armv7-m -mthumb -mfloat-abi=soft -DBOARD_DISPLAY_USE_LCD=1 -DDEVICE_FAMILY=cc13x0 -I"C:/Users/Vitor/Desktop/Doutoramento/2nd_semester/SpecialTopics/4.development/1.CCS_workspace/rfWsnDmConcentrator_CC1350_LAUNCHXL_tirtos_gcc" -I"C:/ti/simplelink_cc13x0_sdk_1_30_00_06/kernel/tirtos/packages/ti/sysbios/posix" -I"C:/ti/ccsv7/tools/compiler/gcc-arm-none-eabi-4_9-2015q3/arm-none-eabi/include" -ffunction-sections -fdata-sections -g -gdwarf-3 -gstrict-dwarf -Wall -MMD -MP -MF"rfWsnDmConcentrator.d" -MT"rfWsnDmConcentrator.o" -o"rfWsnDmConcentrator.o" @"C:/Users/Vitor/Desktop/Doutoramento/2nd_semester/SpecialTopics/4.development/1.CCS_workspace/tirtos_builds_CC1350_LAUNCHXL_release_gcc/Debug/configPkg/compiler.opt" "../rfWsnDmConcentrator.c"
'Finished building: ../rfWsnDmConcentrator.c'
' '
'Building file: ../seb/SEB.c'
'Invoking: GNU Compiler'
"C:/ti/ccsv7/tools/compiler/gcc-arm-none-eabi-4_9-2015q3/bin/arm-none-eabi-gcc.exe" -c -mcpu=cortex-m3 -march=armv7-m -mthumb -mfloat-abi=soft -DBOARD_DISPLAY_USE_LCD=1 -DDEVICE_FAMILY=cc13x0 -I"C:/Users/Vitor/Desktop/Doutoramento/2nd_semester/SpecialTopics/4.development/1.CCS_workspace/rfWsnDmConcentrator_CC1350_LAUNCHXL_tirtos_gcc" -I"C:/ti/simplelink_cc13x0_sdk_1_30_00_06/kernel/tirtos/packages/ti/sysbios/posix" -I"C:/ti/ccsv7/tools/compiler/gcc-arm-none-eabi-4_9-2015q3/arm-none-eabi/include" -ffunction-sections -fdata-sections -g -gdwarf-3 -gstrict-dwarf -Wall -MMD -MP -MF"seb/SEB.d" -MT"seb/SEB.o" -o"seb/SEB.o" @"C:/Users/Vitor/Desktop/Doutoramento/2nd_semester/SpecialTopics/4.development/1.CCS_workspace/tirtos_builds_CC1350_LAUNCHXL_release_gcc/Debug/configPkg/compiler.opt" "../seb/SEB.c"
'Finished building: ../seb/SEB.c'
' '
'Building file: ../easylink/EasyLink.c'
'Invoking: GNU Compiler'
"C:/ti/ccsv7/tools/compiler/gcc-arm-none-eabi-4_9-2015q3/bin/arm-none-eabi-gcc.exe" -c -mcpu=cortex-m3 -march=armv7-m -mthumb -mfloat-abi=soft -DBOARD_DISPLAY_USE_LCD=1 -DDEVICE_FAMILY=cc13x0 -I"C:/Users/Vitor/Desktop/Doutoramento/2nd_semester/SpecialTopics/4.development/1.CCS_workspace/rfWsnDmConcentrator_CC1350_LAUNCHXL_tirtos_gcc" -I"C:/ti/simplelink_cc13x0_sdk_1_30_00_06/kernel/tirtos/packages/ti/sysbios/posix" -I"C:/ti/ccsv7/tools/compiler/gcc-arm-none-eabi-4_9-2015q3/arm-none-eabi/include" -ffunction-sections -fdata-sections -g -gdwarf-3 -gstrict-dwarf -Wall -MMD -MP -MF"easylink/EasyLink.d" -MT"easylink/EasyLink.o" -o"easylink/EasyLink.o" @"C:/Users/Vitor/Desktop/Doutoramento/2nd_semester/SpecialTopics/4.development/1.CCS_workspace/tirtos_builds_CC1350_LAUNCHXL_release_gcc/Debug/configPkg/compiler.opt" "../easylink/EasyLink.c"
'Finished building: ../easylink/EasyLink.c'
' '
'Building file: ../extflash/ExtFlash.c'
'Invoking: GNU Compiler'
"C:/ti/ccsv7/tools/compiler/gcc-arm-none-eabi-4_9-2015q3/bin/arm-none-eabi-gcc.exe" -c -mcpu=cortex-m3 -march=armv7-m -mthumb -mfloat-abi=soft -DBOARD_DISPLAY_USE_LCD=1 -DDEVICE_FAMILY=cc13x0 -I"C:/Users/Vitor/Desktop/Doutoramento/2nd_semester/SpecialTopics/4.development/1.CCS_workspace/rfWsnDmConcentrator_CC1350_LAUNCHXL_tirtos_gcc" -I"C:/ti/simplelink_cc13x0_sdk_1_30_00_06/kernel/tirtos/packages/ti/sysbios/posix" -I"C:/ti/ccsv7/tools/compiler/gcc-arm-none-eabi-4_9-2015q3/arm-none-eabi/include" -ffunction-sections -fdata-sections -g -gdwarf-3 -gstrict-dwarf -Wall -MMD -MP -MF"extflash/ExtFlash.d" -MT"extflash/ExtFlash.o" -o"extflash/ExtFlash.o" @"C:/Users/Vitor/Desktop/Doutoramento/2nd_semester/SpecialTopics/4.development/1.CCS_workspace/tirtos_builds_CC1350_LAUNCHXL_release_gcc/Debug/configPkg/compiler.opt" "../extflash/ExtFlash.c"
'Finished building: ../extflash/ExtFlash.c'
' '
'Building file: ../seb/SimpleBeacon.c'
'Invoking: GNU Compiler'
"C:/ti/ccsv7/tools/compiler/gcc-arm-none-eabi-4_9-2015q3/bin/arm-none-eabi-gcc.exe" -c -mcpu=cortex-m3 -march=armv7-m -mthumb -mfloat-abi=soft -DBOARD_DISPLAY_USE_LCD=1 -DDEVICE_FAMILY=cc13x0 -I"C:/Users/Vitor/Desktop/Doutoramento/2nd_semester/SpecialTopics/4.development/1.CCS_workspace/rfWsnDmConcentrator_CC1350_LAUNCHXL_tirtos_gcc" -I"C:/ti/simplelink_cc13x0_sdk_1_30_00_06/kernel/tirtos/packages/ti/sysbios/posix" -I"C:/ti/ccsv7/tools/compiler/gcc-arm-none-eabi-4_9-2015q3/arm-none-eabi/include" -ffunction-sections -fdata-sections -g -gdwarf-3 -gstrict-dwarf -Wall -MMD -MP -MF"seb/SimpleBeacon.d" -MT"seb/SimpleBeacon.o" -o"seb/SimpleBeacon.o" @"C:/Users/Vitor/Desktop/Doutoramento/2nd_semester/SpecialTopics/4.development/1.CCS_workspace/tirtos_builds_CC1350_LAUNCHXL_release_gcc/Debug/configPkg/compiler.opt" "../seb/SimpleBeacon.c"
'Finished building: ../seb/SimpleBeacon.c'
' '
'Building file: ../smartrf_settings/smartrf_settings.c'
'Invoking: GNU Compiler'
"C:/ti/ccsv7/tools/compiler/gcc-arm-none-eabi-4_9-2015q3/bin/arm-none-eabi-gcc.exe" -c -mcpu=cortex-m3 -march=armv7-m -mthumb -mfloat-abi=soft -DBOARD_DISPLAY_USE_LCD=1 -DDEVICE_FAMILY=cc13x0 -I"C:/Users/Vitor/Desktop/Doutoramento/2nd_semester/SpecialTopics/4.development/1.CCS_workspace/rfWsnDmConcentrator_CC1350_LAUNCHXL_tirtos_gcc" -I"C:/ti/simplelink_cc13x0_sdk_1_30_00_06/kernel/tirtos/packages/ti/sysbios/posix" -I"C:/ti/ccsv7/tools/compiler/gcc-arm-none-eabi-4_9-2015q3/arm-none-eabi/include" -ffunction-sections -fdata-sections -g -gdwarf-3 -gstrict-dwarf -Wall -MMD -MP -MF"smartrf_settings/smartrf_settings.d" -MT"smartrf_settings/smartrf_settings.o" -o"smartrf_settings/smartrf_settings.o" @"C:/Users/Vitor/Desktop/Doutoramento/2nd_semester/SpecialTopics/4.development/1.CCS_workspace/tirtos_builds_CC1350_LAUNCHXL_release_gcc/Debug/configPkg/compiler.opt" "../smartrf_settings/smartrf_settings.c"
'Finished building: ../smartrf_settings/smartrf_settings.c'
' '
'Building file: ../smartrf_settings/smartrf_settings_ble.c'
'Invoking: GNU Compiler'
"C:/ti/ccsv7/tools/compiler/gcc-arm-none-eabi-4_9-2015q3/bin/arm-none-eabi-gcc.exe" -c -mcpu=cortex-m3 -march=armv7-m -mthumb -mfloat-abi=soft -DBOARD_DISPLAY_USE_LCD=1 -DDEVICE_FAMILY=cc13x0 -I"C:/Users/Vitor/Desktop/Doutoramento/2nd_semester/SpecialTopics/4.development/1.CCS_workspace/rfWsnDmConcentrator_CC1350_LAUNCHXL_tirtos_gcc" -I"C:/ti/simplelink_cc13x0_sdk_1_30_00_06/kernel/tirtos/packages/ti/sysbios/posix" -I"C:/ti/ccsv7/tools/compiler/gcc-arm-none-eabi-4_9-2015q3/arm-none-eabi/include" -ffunction-sections -fdata-sections -g -gdwarf-3 -gstrict-dwarf -Wall -MMD -MP -MF"smartrf_settings/smartrf_settings_ble.d" -MT"smartrf_settings/smartrf_settings_ble.o" -o"smartrf_settings/smartrf_settings_ble.o" @"C:/Users/Vitor/Desktop/Doutoramento/2nd_semester/SpecialTopics/4.development/1.CCS_workspace/tirtos_builds_CC1350_LAUNCHXL_release_gcc/Debug/configPkg/compiler.opt" "../smartrf_settings/smartrf_settings_ble.c"
'Finished building: ../smartrf_settings/smartrf_settings_ble.c'
' '
'Building file: ../smartrf_settings/smartrf_settings_predefined.c'
'Invoking: GNU Compiler'
"C:/ti/ccsv7/tools/compiler/gcc-arm-none-eabi-4_9-2015q3/bin/arm-none-eabi-gcc.exe" -c -mcpu=cortex-m3 -march=armv7-m -mthumb -mfloat-abi=soft -DBOARD_DISPLAY_USE_LCD=1 -DDEVICE_FAMILY=cc13x0 -I"C:/Users/Vitor/Desktop/Doutoramento/2nd_semester/SpecialTopics/4.development/1.CCS_workspace/rfWsnDmConcentrator_CC1350_LAUNCHXL_tirtos_gcc" -I"C:/ti/simplelink_cc13x0_sdk_1_30_00_06/kernel/tirtos/packages/ti/sysbios/posix" -I"C:/ti/ccsv7/tools/compiler/gcc-arm-none-eabi-4_9-2015q3/arm-none-eabi/include" -ffunction-sections -fdata-sections -g -gdwarf-3 -gstrict-dwarf -Wall -MMD -MP -MF"smartrf_settings/smartrf_settings_predefined.d" -MT"smartrf_settings/smartrf_settings_predefined.o" -o"smartrf_settings/smartrf_settings_predefined.o" @"C:/Users/Vitor/Desktop/Doutoramento/2nd_semester/SpecialTopics/4.development/1.CCS_workspace/tirtos_builds_CC1350_LAUNCHXL_release_gcc/Debug/configPkg/compiler.opt" "../smartrf_settings/smartrf_settings_predefined.c"
'Finished building: ../smartrf_settings/smartrf_settings_predefined.c'
' '
'Building target: rfWsnDmConcentrator_CC1350_LAUNCHXL_tirtos_gcc.out'
'Invoking: GNU Linker'
"C:/ti/ccsv7/tools/compiler/gcc-arm-none-eabi-4_9-2015q3/bin/arm-none-eabi-gcc.exe" -DBOARD_DISPLAY_USE_LCD=1 -DDEVICE_FAMILY=cc13x0 -ffunction-sections -fdata-sections -g -gdwarf-3 -gstrict-dwarf -Wall -march=armv7-m -mthumb -Wl,-Map,"rfWsnDmConcentrator_CC1350_LAUNCHXL_tirtos_gcc.map" -nostartfiles -static -Wl,--gc-sections -L"C:/ti/simplelink_cc13x0_sdk_1_30_00_06/kernel/tirtos/packages/gnu/targets/arm/libs/install-native/arm-none-eabi/lib/armv7-m" -march=armv7-m -mthumb -o"rfWsnDmConcentrator_CC1350_LAUNCHXL_tirtos_gcc.out" "./CC1350_LAUNCHXL.o" "./DmConcentratorRadioTask.o" "./DmConcentratorTask.o" "./ccfg.o" "./rfWsnDmConcentrator.o" "./bim/oad_switch.o" "./easylink/EasyLink.o" "./extflash/ExtFlash.o" "./seb/SEB.o" "./seb/SimpleBeacon.o" "./smartrf_settings/smartrf_settings.o" "./smartrf_settings/smartrf_settings_ble.o" "./smartrf_settings/smartrf_settings_predefined.o" -Wl,-T"../CC1350_LAUNCHXL_TIRTOS.lds" -Wl,-T"C:/Users/Vitor/Desktop/Doutoramento/2nd_semester/SpecialTopics/4.development/1.CCS_workspace/tirtos_builds_CC1350_LAUNCHXL_release_gcc/Debug/configPkg/linker.cmd" -Wl,--start-group -l:C:/ti/simplelink_cc13x0_sdk_1_30_00_06/source/ti/display/lib/display.am3g -l:C:/ti/simplelink_cc13x0_sdk_1_30_00_06/source/ti/mw/lcd/lib/lcd.am3g -l:C:/ti/simplelink_cc13x0_sdk_1_30_00_06/source/ti/grlib/lib/grlib.am3g -l:C:/ti/simplelink_cc13x0_sdk_1_30_00_06/source/ti/drivers/rf/lib/rf_multiMode_cc13x0.am3g -l:C:/ti/simplelink_cc13x0_sdk_1_30_00_06/source/ti/drivers/lib/drivers_cc13x0.am3g -l:C:/ti/simplelink_cc13x0_sdk_1_30_00_06/source/ti/drivers/pdm/lib/pdm_cc13x0.am3g -l:C:/ti/simplelink_cc13x0_sdk_1_30_00_06/kernel/tirtos/packages/ti/dpl/lib/dpl_cc13x0.am3g -l:C:/ti/simplelink_cc13x0_sdk_1_30_00_06/source/ti/devices/cc13x0/driverlib/bin/gcc/driverlib.lib -lgcc -lm -lnosys -lc -Wl,--end-group 
'Finished building target: rfWsnDmConcentrator_CC1350_LAUNCHXL_tirtos_gcc.out'
' '

**** Build Finished ****

**** Build of configuration Debug for project tirtos_builds_CC1350_LAUNCHXL_release_gcc ****

"C:\\ti\\ccsv7\\utils\\bin\\gmake" -k -j 4 all -O 
making ../src/sysbios/rom_sysbios.am3g ...
gmake[1]: Nothing to be done for 'all'.
gmake[1]: Nothing to be done for 'configPkg/linker.cmd'.
making ../src/sysbios/rom_sysbios.am3g ...
gmake[2]: Nothing to be done for 'all'.

**** Build Finished ****

**** Build of configuration Debug for project tirtos_builds_CC1350_LAUNCHXL_release_gcc ****

"C:\\ti\\ccsv7\\utils\\bin\\gmake" -k -j 4 all -O 
making ../src/sysbios/rom_sysbios.am3g ...
gmake[1]: Nothing to be done for 'all'.
gmake[1]: Nothing to be done for 'configPkg/linker.cmd'.
making ../src/sysbios/rom_sysbios.am3g ...
gmake[2]: Nothing to be done for 'all'.

**** Build Finished ****

**** Build of configuration Debug for project rfWsnDmConcentrator_CC1350_LAUNCHXL_tirtos_gcc ****

"C:\\ti\\ccsv7\\utils\\bin\\gmake" -k -j 4 all -O 
'Building file: ../ccfg.c'
'Invoking: GNU Compiler'
"C:/ti/ccsv7/tools/compiler/gcc-arm-none-eabi-4_9-2015q3/bin/arm-none-eabi-gcc.exe" -c -mcpu=cortex-m3 -march=armv7-m -mthumb -mfloat-abi=soft -DBOARD_DISPLAY_USE_LCD=1 -DDEVICE_FAMILY=cc13x0 -I"C:/Users/Vitor/Desktop/Doutoramento/2nd_semester/SpecialTopics/4.development/1.CCS_workspace/rfWsnDmConcentrator_CC1350_LAUNCHXL_tirtos_gcc" -I"C:/ti/simplelink_cc13x0_sdk_1_30_00_06/kernel/tirtos/packages/ti/sysbios/posix" -I"C:/ti/ccsv7/tools/compiler/gcc-arm-none-eabi-4_9-2015q3/arm-none-eabi/include" -ffunction-sections -fdata-sections -g -gdwarf-3 -gstrict-dwarf -Wall -MMD -MP -MF"ccfg.d" -MT"ccfg.o" -o"ccfg.o" @"C:/Users/Vitor/Desktop/Doutoramento/2nd_semester/SpecialTopics/4.development/1.CCS_workspace/tirtos_builds_CC1350_LAUNCHXL_release_gcc/Debug/configPkg/compiler.opt" "../ccfg.c"
'Finished building: ../ccfg.c'
' '
'Building file: ../DmConcentratorTask.c'
'Invoking: GNU Compiler'
"C:/ti/ccsv7/tools/compiler/gcc-arm-none-eabi-4_9-2015q3/bin/arm-none-eabi-gcc.exe" -c -mcpu=cortex-m3 -march=armv7-m -mthumb -mfloat-abi=soft -DBOARD_DISPLAY_USE_LCD=1 -DDEVICE_FAMILY=cc13x0 -I"C:/Users/Vitor/Desktop/Doutoramento/2nd_semester/SpecialTopics/4.development/1.CCS_workspace/rfWsnDmConcentrator_CC1350_LAUNCHXL_tirtos_gcc" -I"C:/ti/simplelink_cc13x0_sdk_1_30_00_06/kernel/tirtos/packages/ti/sysbios/posix" -I"C:/ti/ccsv7/tools/compiler/gcc-arm-none-eabi-4_9-2015q3/arm-none-eabi/include" -ffunction-sections -fdata-sections -g -gdwarf-3 -gstrict-dwarf -Wall -MMD -MP -MF"DmConcentratorTask.d" -MT"DmConcentratorTask.o" -o"DmConcentratorTask.o" @"C:/Users/Vitor/Desktop/Doutoramento/2nd_semester/SpecialTopics/4.development/1.CCS_workspace/tirtos_builds_CC1350_LAUNCHXL_release_gcc/Debug/configPkg/compiler.opt" "../DmConcentratorTask.c"
'Finished building: ../DmConcentratorTask.c'
' '
'Building file: ../DmConcentratorRadioTask.c'
'Invoking: GNU Compiler'
"C:/ti/ccsv7/tools/compiler/gcc-arm-none-eabi-4_9-2015q3/bin/arm-none-eabi-gcc.exe" -c -mcpu=cortex-m3 -march=armv7-m -mthumb -mfloat-abi=soft -DBOARD_DISPLAY_USE_LCD=1 -DDEVICE_FAMILY=cc13x0 -I"C:/Users/Vitor/Desktop/Doutoramento/2nd_semester/SpecialTopics/4.development/1.CCS_workspace/rfWsnDmConcentrator_CC1350_LAUNCHXL_tirtos_gcc" -I"C:/ti/simplelink_cc13x0_sdk_1_30_00_06/kernel/tirtos/packages/ti/sysbios/posix" -I"C:/ti/ccsv7/tools/compiler/gcc-arm-none-eabi-4_9-2015q3/arm-none-eabi/include" -ffunction-sections -fdata-sections -g -gdwarf-3 -gstrict-dwarf -Wall -MMD -MP -MF"DmConcentratorRadioTask.d" -MT"DmConcentratorRadioTask.o" -o"DmConcentratorRadioTask.o" @"C:/Users/Vitor/Desktop/Doutoramento/2nd_semester/SpecialTopics/4.development/1.CCS_workspace/tirtos_builds_CC1350_LAUNCHXL_release_gcc/Debug/configPkg/compiler.opt" "../DmConcentratorRadioTask.c"
'Finished building: ../DmConcentratorRadioTask.c'
' '
'Building file: ../CC1350_LAUNCHXL.c'
'Invoking: GNU Compiler'
"C:/ti/ccsv7/tools/compiler/gcc-arm-none-eabi-4_9-2015q3/bin/arm-none-eabi-gcc.exe" -c -mcpu=cortex-m3 -march=armv7-m -mthumb -mfloat-abi=soft -DBOARD_DISPLAY_USE_LCD=1 -DDEVICE_FAMILY=cc13x0 -I"C:/Users/Vitor/Desktop/Doutoramento/2nd_semester/SpecialTopics/4.development/1.CCS_workspace/rfWsnDmConcentrator_CC1350_LAUNCHXL_tirtos_gcc" -I"C:/ti/simplelink_cc13x0_sdk_1_30_00_06/kernel/tirtos/packages/ti/sysbios/posix" -I"C:/ti/ccsv7/tools/compiler/gcc-arm-none-eabi-4_9-2015q3/arm-none-eabi/include" -ffunction-sections -fdata-sections -g -gdwarf-3 -gstrict-dwarf -Wall -MMD -MP -MF"CC1350_LAUNCHXL.d" -MT"CC1350_LAUNCHXL.o" -o"CC1350_LAUNCHXL.o" @"C:/Users/Vitor/Desktop/Doutoramento/2nd_semester/SpecialTopics/4.development/1.CCS_workspace/tirtos_builds_CC1350_LAUNCHXL_release_gcc/Debug/configPkg/compiler.opt" "../CC1350_LAUNCHXL.c"
'Finished building: ../CC1350_LAUNCHXL.c'
' '
'Building file: ../rfWsnDmConcentrator.c'
'Invoking: GNU Compiler'
"C:/ti/ccsv7/tools/compiler/gcc-arm-none-eabi-4_9-2015q3/bin/arm-none-eabi-gcc.exe" -c -mcpu=cortex-m3 -march=armv7-m -mthumb -mfloat-abi=soft -DBOARD_DISPLAY_USE_LCD=1 -DDEVICE_FAMILY=cc13x0 -I"C:/Users/Vitor/Desktop/Doutoramento/2nd_semester/SpecialTopics/4.development/1.CCS_workspace/rfWsnDmConcentrator_CC1350_LAUNCHXL_tirtos_gcc" -I"C:/ti/simplelink_cc13x0_sdk_1_30_00_06/kernel/tirtos/packages/ti/sysbios/posix" -I"C:/ti/ccsv7/tools/compiler/gcc-arm-none-eabi-4_9-2015q3/arm-none-eabi/include" -ffunction-sections -fdata-sections -g -gdwarf-3 -gstrict-dwarf -Wall -MMD -MP -MF"rfWsnDmConcentrator.d" -MT"rfWsnDmConcentrator.o" -o"rfWsnDmConcentrator.o" @"C:/Users/Vitor/Desktop/Doutoramento/2nd_semester/SpecialTopics/4.development/1.CCS_workspace/tirtos_builds_CC1350_LAUNCHXL_release_gcc/Debug/configPkg/compiler.opt" "../rfWsnDmConcentrator.c"
'Finished building: ../rfWsnDmConcentrator.c'
' '
'Building file: ../bim/oad_switch.c'
'Invoking: GNU Compiler'
"C:/ti/ccsv7/tools/compiler/gcc-arm-none-eabi-4_9-2015q3/bin/arm-none-eabi-gcc.exe" -c -mcpu=cortex-m3 -march=armv7-m -mthumb -mfloat-abi=soft -DBOARD_DISPLAY_USE_LCD=1 -DDEVICE_FAMILY=cc13x0 -I"C:/Users/Vitor/Desktop/Doutoramento/2nd_semester/SpecialTopics/4.development/1.CCS_workspace/rfWsnDmConcentrator_CC1350_LAUNCHXL_tirtos_gcc" -I"C:/ti/simplelink_cc13x0_sdk_1_30_00_06/kernel/tirtos/packages/ti/sysbios/posix" -I"C:/ti/ccsv7/tools/compiler/gcc-arm-none-eabi-4_9-2015q3/arm-none-eabi/include" -ffunction-sections -fdata-sections -g -gdwarf-3 -gstrict-dwarf -Wall -MMD -MP -MF"bim/oad_switch.d" -MT"bim/oad_switch.o" -o"bim/oad_switch.o" @"C:/Users/Vitor/Desktop/Doutoramento/2nd_semester/SpecialTopics/4.development/1.CCS_workspace/tirtos_builds_CC1350_LAUNCHXL_release_gcc/Debug/configPkg/compiler.opt" "../bim/oad_switch.c"
'Finished building: ../bim/oad_switch.c'
' '
'Building file: ../seb/SEB.c'
'Invoking: GNU Compiler'
"C:/ti/ccsv7/tools/compiler/gcc-arm-none-eabi-4_9-2015q3/bin/arm-none-eabi-gcc.exe" -c -mcpu=cortex-m3 -march=armv7-m -mthumb -mfloat-abi=soft -DBOARD_DISPLAY_USE_LCD=1 -DDEVICE_FAMILY=cc13x0 -I"C:/Users/Vitor/Desktop/Doutoramento/2nd_semester/SpecialTopics/4.development/1.CCS_workspace/rfWsnDmConcentrator_CC1350_LAUNCHXL_tirtos_gcc" -I"C:/ti/simplelink_cc13x0_sdk_1_30_00_06/kernel/tirtos/packages/ti/sysbios/posix" -I"C:/ti/ccsv7/tools/compiler/gcc-arm-none-eabi-4_9-2015q3/arm-none-eabi/include" -ffunction-sections -fdata-sections -g -gdwarf-3 -gstrict-dwarf -Wall -MMD -MP -MF"seb/SEB.d" -MT"seb/SEB.o" -o"seb/SEB.o" @"C:/Users/Vitor/Desktop/Doutoramento/2nd_semester/SpecialTopics/4.development/1.CCS_workspace/tirtos_builds_CC1350_LAUNCHXL_release_gcc/Debug/configPkg/compiler.opt" "../seb/SEB.c"
'Finished building: ../seb/SEB.c'
' '
'Building file: ../easylink/EasyLink.c'
'Invoking: GNU Compiler'
"C:/ti/ccsv7/tools/compiler/gcc-arm-none-eabi-4_9-2015q3/bin/arm-none-eabi-gcc.exe" -c -mcpu=cortex-m3 -march=armv7-m -mthumb -mfloat-abi=soft -DBOARD_DISPLAY_USE_LCD=1 -DDEVICE_FAMILY=cc13x0 -I"C:/Users/Vitor/Desktop/Doutoramento/2nd_semester/SpecialTopics/4.development/1.CCS_workspace/rfWsnDmConcentrator_CC1350_LAUNCHXL_tirtos_gcc" -I"C:/ti/simplelink_cc13x0_sdk_1_30_00_06/kernel/tirtos/packages/ti/sysbios/posix" -I"C:/ti/ccsv7/tools/compiler/gcc-arm-none-eabi-4_9-2015q3/arm-none-eabi/include" -ffunction-sections -fdata-sections -g -gdwarf-3 -gstrict-dwarf -Wall -MMD -MP -MF"easylink/EasyLink.d" -MT"easylink/EasyLink.o" -o"easylink/EasyLink.o" @"C:/Users/Vitor/Desktop/Doutoramento/2nd_semester/SpecialTopics/4.development/1.CCS_workspace/tirtos_builds_CC1350_LAUNCHXL_release_gcc/Debug/configPkg/compiler.opt" "../easylink/EasyLink.c"
'Finished building: ../easylink/EasyLink.c'
' '
'Building file: ../extflash/ExtFlash.c'
'Invoking: GNU Compiler'
"C:/ti/ccsv7/tools/compiler/gcc-arm-none-eabi-4_9-2015q3/bin/arm-none-eabi-gcc.exe" -c -mcpu=cortex-m3 -march=armv7-m -mthumb -mfloat-abi=soft -DBOARD_DISPLAY_USE_LCD=1 -DDEVICE_FAMILY=cc13x0 -I"C:/Users/Vitor/Desktop/Doutoramento/2nd_semester/SpecialTopics/4.development/1.CCS_workspace/rfWsnDmConcentrator_CC1350_LAUNCHXL_tirtos_gcc" -I"C:/ti/simplelink_cc13x0_sdk_1_30_00_06/kernel/tirtos/packages/ti/sysbios/posix" -I"C:/ti/ccsv7/tools/compiler/gcc-arm-none-eabi-4_9-2015q3/arm-none-eabi/include" -ffunction-sections -fdata-sections -g -gdwarf-3 -gstrict-dwarf -Wall -MMD -MP -MF"extflash/ExtFlash.d" -MT"extflash/ExtFlash.o" -o"extflash/ExtFlash.o" @"C:/Users/Vitor/Desktop/Doutoramento/2nd_semester/SpecialTopics/4.development/1.CCS_workspace/tirtos_builds_CC1350_LAUNCHXL_release_gcc/Debug/configPkg/compiler.opt" "../extflash/ExtFlash.c"
'Finished building: ../extflash/ExtFlash.c'
' '
'Building file: ../seb/SimpleBeacon.c'
'Invoking: GNU Compiler'
"C:/ti/ccsv7/tools/compiler/gcc-arm-none-eabi-4_9-2015q3/bin/arm-none-eabi-gcc.exe" -c -mcpu=cortex-m3 -march=armv7-m -mthumb -mfloat-abi=soft -DBOARD_DISPLAY_USE_LCD=1 -DDEVICE_FAMILY=cc13x0 -I"C:/Users/Vitor/Desktop/Doutoramento/2nd_semester/SpecialTopics/4.development/1.CCS_workspace/rfWsnDmConcentrator_CC1350_LAUNCHXL_tirtos_gcc" -I"C:/ti/simplelink_cc13x0_sdk_1_30_00_06/kernel/tirtos/packages/ti/sysbios/posix" -I"C:/ti/ccsv7/tools/compiler/gcc-arm-none-eabi-4_9-2015q3/arm-none-eabi/include" -ffunction-sections -fdata-sections -g -gdwarf-3 -gstrict-dwarf -Wall -MMD -MP -MF"seb/SimpleBeacon.d" -MT"seb/SimpleBeacon.o" -o"seb/SimpleBeacon.o" @"C:/Users/Vitor/Desktop/Doutoramento/2nd_semester/SpecialTopics/4.development/1.CCS_workspace/tirtos_builds_CC1350_LAUNCHXL_release_gcc/Debug/configPkg/compiler.opt" "../seb/SimpleBeacon.c"
'Finished building: ../seb/SimpleBeacon.c'
' '
'Building file: ../smartrf_settings/smartrf_settings.c'
'Invoking: GNU Compiler'
"C:/ti/ccsv7/tools/compiler/gcc-arm-none-eabi-4_9-2015q3/bin/arm-none-eabi-gcc.exe" -c -mcpu=cortex-m3 -march=armv7-m -mthumb -mfloat-abi=soft -DBOARD_DISPLAY_USE_LCD=1 -DDEVICE_FAMILY=cc13x0 -I"C:/Users/Vitor/Desktop/Doutoramento/2nd_semester/SpecialTopics/4.development/1.CCS_workspace/rfWsnDmConcentrator_CC1350_LAUNCHXL_tirtos_gcc" -I"C:/ti/simplelink_cc13x0_sdk_1_30_00_06/kernel/tirtos/packages/ti/sysbios/posix" -I"C:/ti/ccsv7/tools/compiler/gcc-arm-none-eabi-4_9-2015q3/arm-none-eabi/include" -ffunction-sections -fdata-sections -g -gdwarf-3 -gstrict-dwarf -Wall -MMD -MP -MF"smartrf_settings/smartrf_settings.d" -MT"smartrf_settings/smartrf_settings.o" -o"smartrf_settings/smartrf_settings.o" @"C:/Users/Vitor/Desktop/Doutoramento/2nd_semester/SpecialTopics/4.development/1.CCS_workspace/tirtos_builds_CC1350_LAUNCHXL_release_gcc/Debug/configPkg/compiler.opt" "../smartrf_settings/smartrf_settings.c"
'Finished building: ../smartrf_settings/smartrf_settings.c'
' '
'Building file: ../smartrf_settings/smartrf_settings_ble.c'
'Invoking: GNU Compiler'
"C:/ti/ccsv7/tools/compiler/gcc-arm-none-eabi-4_9-2015q3/bin/arm-none-eabi-gcc.exe" -c -mcpu=cortex-m3 -march=armv7-m -mthumb -mfloat-abi=soft -DBOARD_DISPLAY_USE_LCD=1 -DDEVICE_FAMILY=cc13x0 -I"C:/Users/Vitor/Desktop/Doutoramento/2nd_semester/SpecialTopics/4.development/1.CCS_workspace/rfWsnDmConcentrator_CC1350_LAUNCHXL_tirtos_gcc" -I"C:/ti/simplelink_cc13x0_sdk_1_30_00_06/kernel/tirtos/packages/ti/sysbios/posix" -I"C:/ti/ccsv7/tools/compiler/gcc-arm-none-eabi-4_9-2015q3/arm-none-eabi/include" -ffunction-sections -fdata-sections -g -gdwarf-3 -gstrict-dwarf -Wall -MMD -MP -MF"smartrf_settings/smartrf_settings_ble.d" -MT"smartrf_settings/smartrf_settings_ble.o" -o"smartrf_settings/smartrf_settings_ble.o" @"C:/Users/Vitor/Desktop/Doutoramento/2nd_semester/SpecialTopics/4.development/1.CCS_workspace/tirtos_builds_CC1350_LAUNCHXL_release_gcc/Debug/configPkg/compiler.opt" "../smartrf_settings/smartrf_settings_ble.c"
'Finished building: ../smartrf_settings/smartrf_settings_ble.c'
' '
'Building file: ../smartrf_settings/smartrf_settings_predefined.c'
'Invoking: GNU Compiler'
"C:/ti/ccsv7/tools/compiler/gcc-arm-none-eabi-4_9-2015q3/bin/arm-none-eabi-gcc.exe" -c -mcpu=cortex-m3 -march=armv7-m -mthumb -mfloat-abi=soft -DBOARD_DISPLAY_USE_LCD=1 -DDEVICE_FAMILY=cc13x0 -I"C:/Users/Vitor/Desktop/Doutoramento/2nd_semester/SpecialTopics/4.development/1.CCS_workspace/rfWsnDmConcentrator_CC1350_LAUNCHXL_tirtos_gcc" -I"C:/ti/simplelink_cc13x0_sdk_1_30_00_06/kernel/tirtos/packages/ti/sysbios/posix" -I"C:/ti/ccsv7/tools/compiler/gcc-arm-none-eabi-4_9-2015q3/arm-none-eabi/include" -ffunction-sections -fdata-sections -g -gdwarf-3 -gstrict-dwarf -Wall -MMD -MP -MF"smartrf_settings/smartrf_settings_predefined.d" -MT"smartrf_settings/smartrf_settings_predefined.o" -o"smartrf_settings/smartrf_settings_predefined.o" @"C:/Users/Vitor/Desktop/Doutoramento/2nd_semester/SpecialTopics/4.development/1.CCS_workspace/tirtos_builds_CC1350_LAUNCHXL_release_gcc/Debug/configPkg/compiler.opt" "../smartrf_settings/smartrf_settings_predefined.c"
'Finished building: ../smartrf_settings/smartrf_settings_predefined.c'
' '
'Building target: rfWsnDmConcentrator_CC1350_LAUNCHXL_tirtos_gcc.out'
'Invoking: GNU Linker'
"C:/ti/ccsv7/tools/compiler/gcc-arm-none-eabi-4_9-2015q3/bin/arm-none-eabi-gcc.exe" -DBOARD_DISPLAY_USE_LCD=1 -DDEVICE_FAMILY=cc13x0 -ffunction-sections -fdata-sections -g -gdwarf-3 -gstrict-dwarf -Wall -march=armv7-m -mthumb -Wl,-Map,"rfWsnDmConcentrator_CC1350_LAUNCHXL_tirtos_gcc.map" -nostartfiles -static -Wl,--gc-sections -L"C:/ti/simplelink_cc13x0_sdk_1_30_00_06/kernel/tirtos/packages/gnu/targets/arm/libs/install-native/arm-none-eabi/lib/armv7-m" -march=armv7-m -mthumb -o"rfWsnDmConcentrator_CC1350_LAUNCHXL_tirtos_gcc.out" "./CC1350_LAUNCHXL.o" "./DmConcentratorRadioTask.o" "./DmConcentratorTask.o" "./ccfg.o" "./rfWsnDmConcentrator.o" "./bim/oad_switch.o" "./easylink/EasyLink.o" "./extflash/ExtFlash.o" "./seb/SEB.o" "./seb/SimpleBeacon.o" "./smartrf_settings/smartrf_settings.o" "./smartrf_settings/smartrf_settings_ble.o" "./smartrf_settings/smartrf_settings_predefined.o" -Wl,-T"../CC1350_LAUNCHXL_TIRTOS.lds" -Wl,-T"C:/Users/Vitor/Desktop/Doutoramento/2nd_semester/SpecialTopics/4.development/1.CCS_workspace/tirtos_builds_CC1350_LAUNCHXL_release_gcc/Debug/configPkg/linker.cmd" -Wl,--start-group -l:C:/ti/simplelink_cc13x0_sdk_1_30_00_06/source/ti/display/lib/display.am3g -l:C:/ti/simplelink_cc13x0_sdk_1_30_00_06/source/ti/mw/lcd/lib/lcd.am3g -l:C:/ti/simplelink_cc13x0_sdk_1_30_00_06/source/ti/grlib/lib/grlib.am3g -l:C:/ti/simplelink_cc13x0_sdk_1_30_00_06/source/ti/drivers/rf/lib/rf_multiMode_cc13x0.am3g -l:C:/ti/simplelink_cc13x0_sdk_1_30_00_06/source/ti/drivers/lib/drivers_cc13x0.am3g -l:C:/ti/simplelink_cc13x0_sdk_1_30_00_06/source/ti/drivers/pdm/lib/pdm_cc13x0.am3g -l:C:/ti/simplelink_cc13x0_sdk_1_30_00_06/kernel/tirtos/packages/ti/dpl/lib/dpl_cc13x0.am3g -l:C:/ti/simplelink_cc13x0_sdk_1_30_00_06/source/ti/devices/cc13x0/driverlib/bin/gcc/driverlib.lib -lgcc -lm -lnosys -lc -Wl,--end-group 
'Finished building target: rfWsnDmConcentrator_CC1350_LAUNCHXL_tirtos_gcc.out'
' '

**** Build Finished ****

**** Build of configuration Debug for project tirtos_builds_CC1350_LAUNCHXL_release_gcc ****

"C:\\ti\\ccsv7\\utils\\bin\\gmake" -k -j 4 all -O 
making ../src/sysbios/rom_sysbios.am3g ...
gmake[1]: Nothing to be done for 'all'.
gmake[1]: Nothing to be done for 'configPkg/linker.cmd'.
making ../src/sysbios/rom_sysbios.am3g ...
gmake[2]: Nothing to be done for 'all'.

**** Build Finished ****

**** Build of configuration Debug for project tirtos_builds_CC1350_LAUNCHXL_release_gcc ****

"C:\\ti\\ccsv7\\utils\\bin\\gmake" -k -j 4 all -O 
making ../src/sysbios/rom_sysbios.am3g ...
gmake[1]: Nothing to be done for 'all'.
gmake[1]: Nothing to be done for 'configPkg/linker.cmd'.
making ../src/sysbios/rom_sysbios.am3g ...
gmake[2]: Nothing to be done for 'all'.

**** Build Finished ****

**** Build of configuration Debug for project rfWsnDmNode_CC1350_LAUNCHXL_tirtos_gcc ****

"C:\\ti\\ccsv7\\utils\\bin\\gmake" -k -j 4 all -O 
'Building file: ../SceAdc.c'
'Invoking: GNU Compiler'
"C:/ti/ccsv7/tools/compiler/gcc-arm-none-eabi-4_9-2015q3/bin/arm-none-eabi-gcc.exe" -c -mcpu=cortex-m3 -march=armv7-m -mthumb -mfloat-abi=soft -DBOARD_DISPLAY_USE_LCD=1 -DDEVICE_FAMILY=cc13x0 -I"C:/Users/Vitor/Desktop/Doutoramento/2nd_semester/SpecialTopics/4.development/1.CCS_workspace/rfWsnDmNode_CC1350_LAUNCHXL_tirtos_gcc" -I"C:/ti/simplelink_cc13x0_sdk_1_30_00_06/kernel/tirtos/packages/ti/sysbios/posix" -I"C:/ti/ccsv7/tools/compiler/gcc-arm-none-eabi-4_9-2015q3/arm-none-eabi/include" -ffunction-sections -fdata-sections -g -gdwarf-3 -gstrict-dwarf -Wall -MMD -MP -MF"SceAdc.d" -MT"SceAdc.o" -o"SceAdc.o" @"C:/Users/Vitor/Desktop/Doutoramento/2nd_semester/SpecialTopics/4.development/1.CCS_workspace/tirtos_builds_CC1350_LAUNCHXL_release_gcc/Debug/configPkg/compiler.opt" "../SceAdc.c"
'Finished building: ../SceAdc.c'
' '
'Building file: ../DmNodeTask.c'
'Invoking: GNU Compiler'
"C:/ti/ccsv7/tools/compiler/gcc-arm-none-eabi-4_9-2015q3/bin/arm-none-eabi-gcc.exe" -c -mcpu=cortex-m3 -march=armv7-m -mthumb -mfloat-abi=soft -DBOARD_DISPLAY_USE_LCD=1 -DDEVICE_FAMILY=cc13x0 -I"C:/Users/Vitor/Desktop/Doutoramento/2nd_semester/SpecialTopics/4.development/1.CCS_workspace/rfWsnDmNode_CC1350_LAUNCHXL_tirtos_gcc" -I"C:/ti/simplelink_cc13x0_sdk_1_30_00_06/kernel/tirtos/packages/ti/sysbios/posix" -I"C:/ti/ccsv7/tools/compiler/gcc-arm-none-eabi-4_9-2015q3/arm-none-eabi/include" -ffunction-sections -fdata-sections -g -gdwarf-3 -gstrict-dwarf -Wall -MMD -MP -MF"DmNodeTask.d" -MT"DmNodeTask.o" -o"DmNodeTask.o" @"C:/Users/Vitor/Desktop/Doutoramento/2nd_semester/SpecialTopics/4.development/1.CCS_workspace/tirtos_builds_CC1350_LAUNCHXL_release_gcc/Debug/configPkg/compiler.opt" "../DmNodeTask.c"
'Finished building: ../DmNodeTask.c'
' '
'Building file: ../DmNodeRadioTask.c'
'Invoking: GNU Compiler'
"C:/ti/ccsv7/tools/compiler/gcc-arm-none-eabi-4_9-2015q3/bin/arm-none-eabi-gcc.exe" -c -mcpu=cortex-m3 -march=armv7-m -mthumb -mfloat-abi=soft -DBOARD_DISPLAY_USE_LCD=1 -DDEVICE_FAMILY=cc13x0 -I"C:/Users/Vitor/Desktop/Doutoramento/2nd_semester/SpecialTopics/4.development/1.CCS_workspace/rfWsnDmNode_CC1350_LAUNCHXL_tirtos_gcc" -I"C:/ti/simplelink_cc13x0_sdk_1_30_00_06/kernel/tirtos/packages/ti/sysbios/posix" -I"C:/ti/ccsv7/tools/compiler/gcc-arm-none-eabi-4_9-2015q3/arm-none-eabi/include" -ffunction-sections -fdata-sections -g -gdwarf-3 -gstrict-dwarf -Wall -MMD -MP -MF"DmNodeRadioTask.d" -MT"DmNodeRadioTask.o" -o"DmNodeRadioTask.o" @"C:/Users/Vitor/Desktop/Doutoramento/2nd_semester/SpecialTopics/4.development/1.CCS_workspace/tirtos_builds_CC1350_LAUNCHXL_release_gcc/Debug/configPkg/compiler.opt" "../DmNodeRadioTask.c"
'Finished building: ../DmNodeRadioTask.c'
' '
'Building file: ../CC1350_LAUNCHXL.c'
'Invoking: GNU Compiler'
"C:/ti/ccsv7/tools/compiler/gcc-arm-none-eabi-4_9-2015q3/bin/arm-none-eabi-gcc.exe" -c -mcpu=cortex-m3 -march=armv7-m -mthumb -mfloat-abi=soft -DBOARD_DISPLAY_USE_LCD=1 -DDEVICE_FAMILY=cc13x0 -I"C:/Users/Vitor/Desktop/Doutoramento/2nd_semester/SpecialTopics/4.development/1.CCS_workspace/rfWsnDmNode_CC1350_LAUNCHXL_tirtos_gcc" -I"C:/ti/simplelink_cc13x0_sdk_1_30_00_06/kernel/tirtos/packages/ti/sysbios/posix" -I"C:/ti/ccsv7/tools/compiler/gcc-arm-none-eabi-4_9-2015q3/arm-none-eabi/include" -ffunction-sections -fdata-sections -g -gdwarf-3 -gstrict-dwarf -Wall -MMD -MP -MF"CC1350_LAUNCHXL.d" -MT"CC1350_LAUNCHXL.o" -o"CC1350_LAUNCHXL.o" @"C:/Users/Vitor/Desktop/Doutoramento/2nd_semester/SpecialTopics/4.development/1.CCS_workspace/tirtos_builds_CC1350_LAUNCHXL_release_gcc/Debug/configPkg/compiler.opt" "../CC1350_LAUNCHXL.c"
'Finished building: ../CC1350_LAUNCHXL.c'
' '
'Building file: ../ccfg.c'
'Invoking: GNU Compiler'
"C:/ti/ccsv7/tools/compiler/gcc-arm-none-eabi-4_9-2015q3/bin/arm-none-eabi-gcc.exe" -c -mcpu=cortex-m3 -march=armv7-m -mthumb -mfloat-abi=soft -DBOARD_DISPLAY_USE_LCD=1 -DDEVICE_FAMILY=cc13x0 -I"C:/Users/Vitor/Desktop/Doutoramento/2nd_semester/SpecialTopics/4.development/1.CCS_workspace/rfWsnDmNode_CC1350_LAUNCHXL_tirtos_gcc" -I"C:/ti/simplelink_cc13x0_sdk_1_30_00_06/kernel/tirtos/packages/ti/sysbios/posix" -I"C:/ti/ccsv7/tools/compiler/gcc-arm-none-eabi-4_9-2015q3/arm-none-eabi/include" -ffunction-sections -fdata-sections -g -gdwarf-3 -gstrict-dwarf -Wall -MMD -MP -MF"ccfg.d" -MT"ccfg.o" -o"ccfg.o" @"C:/Users/Vitor/Desktop/Doutoramento/2nd_semester/SpecialTopics/4.development/1.CCS_workspace/tirtos_builds_CC1350_LAUNCHXL_release_gcc/Debug/configPkg/compiler.opt" "../ccfg.c"
'Finished building: ../ccfg.c'
' '
'Building file: ../bim/oad_switch.c'
'Invoking: GNU Compiler'
"C:/ti/ccsv7/tools/compiler/gcc-arm-none-eabi-4_9-2015q3/bin/arm-none-eabi-gcc.exe" -c -mcpu=cortex-m3 -march=armv7-m -mthumb -mfloat-abi=soft -DBOARD_DISPLAY_USE_LCD=1 -DDEVICE_FAMILY=cc13x0 -I"C:/Users/Vitor/Desktop/Doutoramento/2nd_semester/SpecialTopics/4.development/1.CCS_workspace/rfWsnDmNode_CC1350_LAUNCHXL_tirtos_gcc" -I"C:/ti/simplelink_cc13x0_sdk_1_30_00_06/kernel/tirtos/packages/ti/sysbios/posix" -I"C:/ti/ccsv7/tools/compiler/gcc-arm-none-eabi-4_9-2015q3/arm-none-eabi/include" -ffunction-sections -fdata-sections -g -gdwarf-3 -gstrict-dwarf -Wall -MMD -MP -MF"bim/oad_switch.d" -MT"bim/oad_switch.o" -o"bim/oad_switch.o" @"C:/Users/Vitor/Desktop/Doutoramento/2nd_semester/SpecialTopics/4.development/1.CCS_workspace/tirtos_builds_CC1350_LAUNCHXL_release_gcc/Debug/configPkg/compiler.opt" "../bim/oad_switch.c"
'Finished building: ../bim/oad_switch.c'
' '
'Building file: ../rfWsnDmNode.c'
'Invoking: GNU Compiler'
"C:/ti/ccsv7/tools/compiler/gcc-arm-none-eabi-4_9-2015q3/bin/arm-none-eabi-gcc.exe" -c -mcpu=cortex-m3 -march=armv7-m -mthumb -mfloat-abi=soft -DBOARD_DISPLAY_USE_LCD=1 -DDEVICE_FAMILY=cc13x0 -I"C:/Users/Vitor/Desktop/Doutoramento/2nd_semester/SpecialTopics/4.development/1.CCS_workspace/rfWsnDmNode_CC1350_LAUNCHXL_tirtos_gcc" -I"C:/ti/simplelink_cc13x0_sdk_1_30_00_06/kernel/tirtos/packages/ti/sysbios/posix" -I"C:/ti/ccsv7/tools/compiler/gcc-arm-none-eabi-4_9-2015q3/arm-none-eabi/include" -ffunction-sections -fdata-sections -g -gdwarf-3 -gstrict-dwarf -Wall -MMD -MP -MF"rfWsnDmNode.d" -MT"rfWsnDmNode.o" -o"rfWsnDmNode.o" @"C:/Users/Vitor/Desktop/Doutoramento/2nd_semester/SpecialTopics/4.development/1.CCS_workspace/tirtos_builds_CC1350_LAUNCHXL_release_gcc/Debug/configPkg/compiler.opt" "../rfWsnDmNode.c"
'Finished building: ../rfWsnDmNode.c'
' '
'Building file: ../extflash/ExtFlash.c'
'Invoking: GNU Compiler'
"C:/ti/ccsv7/tools/compiler/gcc-arm-none-eabi-4_9-2015q3/bin/arm-none-eabi-gcc.exe" -c -mcpu=cortex-m3 -march=armv7-m -mthumb -mfloat-abi=soft -DBOARD_DISPLAY_USE_LCD=1 -DDEVICE_FAMILY=cc13x0 -I"C:/Users/Vitor/Desktop/Doutoramento/2nd_semester/SpecialTopics/4.development/1.CCS_workspace/rfWsnDmNode_CC1350_LAUNCHXL_tirtos_gcc" -I"C:/ti/simplelink_cc13x0_sdk_1_30_00_06/kernel/tirtos/packages/ti/sysbios/posix" -I"C:/ti/ccsv7/tools/compiler/gcc-arm-none-eabi-4_9-2015q3/arm-none-eabi/include" -ffunction-sections -fdata-sections -g -gdwarf-3 -gstrict-dwarf -Wall -MMD -MP -MF"extflash/ExtFlash.d" -MT"extflash/ExtFlash.o" -o"extflash/ExtFlash.o" @"C:/Users/Vitor/Desktop/Doutoramento/2nd_semester/SpecialTopics/4.development/1.CCS_workspace/tirtos_builds_CC1350_LAUNCHXL_release_gcc/Debug/configPkg/compiler.opt" "../extflash/ExtFlash.c"
'Finished building: ../extflash/ExtFlash.c'
' '
'Building file: ../sce/scif.c'
'Invoking: GNU Compiler'
"C:/ti/ccsv7/tools/compiler/gcc-arm-none-eabi-4_9-2015q3/bin/arm-none-eabi-gcc.exe" -c -mcpu=cortex-m3 -march=armv7-m -mthumb -mfloat-abi=soft -DBOARD_DISPLAY_USE_LCD=1 -DDEVICE_FAMILY=cc13x0 -I"C:/Users/Vitor/Desktop/Doutoramento/2nd_semester/SpecialTopics/4.development/1.CCS_workspace/rfWsnDmNode_CC1350_LAUNCHXL_tirtos_gcc" -I"C:/ti/simplelink_cc13x0_sdk_1_30_00_06/kernel/tirtos/packages/ti/sysbios/posix" -I"C:/ti/ccsv7/tools/compiler/gcc-arm-none-eabi-4_9-2015q3/arm-none-eabi/include" -ffunction-sections -fdata-sections -g -gdwarf-3 -gstrict-dwarf -Wall -MMD -MP -MF"sce/scif.d" -MT"sce/scif.o" -o"sce/scif.o" @"C:/Users/Vitor/Desktop/Doutoramento/2nd_semester/SpecialTopics/4.development/1.CCS_workspace/tirtos_builds_CC1350_LAUNCHXL_release_gcc/Debug/configPkg/compiler.opt" "../sce/scif.c"
'Finished building: ../sce/scif.c'
' '
'Building file: ../easylink/EasyLink.c'
'Invoking: GNU Compiler'
"C:/ti/ccsv7/tools/compiler/gcc-arm-none-eabi-4_9-2015q3/bin/arm-none-eabi-gcc.exe" -c -mcpu=cortex-m3 -march=armv7-m -mthumb -mfloat-abi=soft -DBOARD_DISPLAY_USE_LCD=1 -DDEVICE_FAMILY=cc13x0 -I"C:/Users/Vitor/Desktop/Doutoramento/2nd_semester/SpecialTopics/4.development/1.CCS_workspace/rfWsnDmNode_CC1350_LAUNCHXL_tirtos_gcc" -I"C:/ti/simplelink_cc13x0_sdk_1_30_00_06/kernel/tirtos/packages/ti/sysbios/posix" -I"C:/ti/ccsv7/tools/compiler/gcc-arm-none-eabi-4_9-2015q3/arm-none-eabi/include" -ffunction-sections -fdata-sections -g -gdwarf-3 -gstrict-dwarf -Wall -MMD -MP -MF"easylink/EasyLink.d" -MT"easylink/EasyLink.o" -o"easylink/EasyLink.o" @"C:/Users/Vitor/Desktop/Doutoramento/2nd_semester/SpecialTopics/4.development/1.CCS_workspace/tirtos_builds_CC1350_LAUNCHXL_release_gcc/Debug/configPkg/compiler.opt" "../easylink/EasyLink.c"
'Finished building: ../easylink/EasyLink.c'
' '
'Building file: ../sce/scif_osal_tirtos.c'
'Invoking: GNU Compiler'
"C:/ti/ccsv7/tools/compiler/gcc-arm-none-eabi-4_9-2015q3/bin/arm-none-eabi-gcc.exe" -c -mcpu=cortex-m3 -march=armv7-m -mthumb -mfloat-abi=soft -DBOARD_DISPLAY_USE_LCD=1 -DDEVICE_FAMILY=cc13x0 -I"C:/Users/Vitor/Desktop/Doutoramento/2nd_semester/SpecialTopics/4.development/1.CCS_workspace/rfWsnDmNode_CC1350_LAUNCHXL_tirtos_gcc" -I"C:/ti/simplelink_cc13x0_sdk_1_30_00_06/kernel/tirtos/packages/ti/sysbios/posix" -I"C:/ti/ccsv7/tools/compiler/gcc-arm-none-eabi-4_9-2015q3/arm-none-eabi/include" -ffunction-sections -fdata-sections -g -gdwarf-3 -gstrict-dwarf -Wall -MMD -MP -MF"sce/scif_osal_tirtos.d" -MT"sce/scif_osal_tirtos.o" -o"sce/scif_osal_tirtos.o" @"C:/Users/Vitor/Desktop/Doutoramento/2nd_semester/SpecialTopics/4.development/1.CCS_workspace/tirtos_builds_CC1350_LAUNCHXL_release_gcc/Debug/configPkg/compiler.opt" "../sce/scif_osal_tirtos.c"
'Finished building: ../sce/scif_osal_tirtos.c'
' '
'Building file: ../sce/scif_framework.c'
'Invoking: GNU Compiler'
"C:/ti/ccsv7/tools/compiler/gcc-arm-none-eabi-4_9-2015q3/bin/arm-none-eabi-gcc.exe" -c -mcpu=cortex-m3 -march=armv7-m -mthumb -mfloat-abi=soft -DBOARD_DISPLAY_USE_LCD=1 -DDEVICE_FAMILY=cc13x0 -I"C:/Users/Vitor/Desktop/Doutoramento/2nd_semester/SpecialTopics/4.development/1.CCS_workspace/rfWsnDmNode_CC1350_LAUNCHXL_tirtos_gcc" -I"C:/ti/simplelink_cc13x0_sdk_1_30_00_06/kernel/tirtos/packages/ti/sysbios/posix" -I"C:/ti/ccsv7/tools/compiler/gcc-arm-none-eabi-4_9-2015q3/arm-none-eabi/include" -ffunction-sections -fdata-sections -g -gdwarf-3 -gstrict-dwarf -Wall -MMD -MP -MF"sce/scif_framework.d" -MT"sce/scif_framework.o" -o"sce/scif_framework.o" @"C:/Users/Vitor/Desktop/Doutoramento/2nd_semester/SpecialTopics/4.development/1.CCS_workspace/tirtos_builds_CC1350_LAUNCHXL_release_gcc/Debug/configPkg/compiler.opt" "../sce/scif_framework.c"
'Finished building: ../sce/scif_framework.c'
' '
'Building file: ../seb/SEB.c'
'Invoking: GNU Compiler'
"C:/ti/ccsv7/tools/compiler/gcc-arm-none-eabi-4_9-2015q3/bin/arm-none-eabi-gcc.exe" -c -mcpu=cortex-m3 -march=armv7-m -mthumb -mfloat-abi=soft -DBOARD_DISPLAY_USE_LCD=1 -DDEVICE_FAMILY=cc13x0 -I"C:/Users/Vitor/Desktop/Doutoramento/2nd_semester/SpecialTopics/4.development/1.CCS_workspace/rfWsnDmNode_CC1350_LAUNCHXL_tirtos_gcc" -I"C:/ti/simplelink_cc13x0_sdk_1_30_00_06/kernel/tirtos/packages/ti/sysbios/posix" -I"C:/ti/ccsv7/tools/compiler/gcc-arm-none-eabi-4_9-2015q3/arm-none-eabi/include" -ffunction-sections -fdata-sections -g -gdwarf-3 -gstrict-dwarf -Wall -MMD -MP -MF"seb/SEB.d" -MT"seb/SEB.o" -o"seb/SEB.o" @"C:/Users/Vitor/Desktop/Doutoramento/2nd_semester/SpecialTopics/4.development/1.CCS_workspace/tirtos_builds_CC1350_LAUNCHXL_release_gcc/Debug/configPkg/compiler.opt" "../seb/SEB.c"
'Finished building: ../seb/SEB.c'
' '
'Building file: ../seb/SimpleBeacon.c'
'Invoking: GNU Compiler'
"C:/ti/ccsv7/tools/compiler/gcc-arm-none-eabi-4_9-2015q3/bin/arm-none-eabi-gcc.exe" -c -mcpu=cortex-m3 -march=armv7-m -mthumb -mfloat-abi=soft -DBOARD_DISPLAY_USE_LCD=1 -DDEVICE_FAMILY=cc13x0 -I"C:/Users/Vitor/Desktop/Doutoramento/2nd_semester/SpecialTopics/4.development/1.CCS_workspace/rfWsnDmNode_CC1350_LAUNCHXL_tirtos_gcc" -I"C:/ti/simplelink_cc13x0_sdk_1_30_00_06/kernel/tirtos/packages/ti/sysbios/posix" -I"C:/ti/ccsv7/tools/compiler/gcc-arm-none-eabi-4_9-2015q3/arm-none-eabi/include" -ffunction-sections -fdata-sections -g -gdwarf-3 -gstrict-dwarf -Wall -MMD -MP -MF"seb/SimpleBeacon.d" -MT"seb/SimpleBeacon.o" -o"seb/SimpleBeacon.o" @"C:/Users/Vitor/Desktop/Doutoramento/2nd_semester/SpecialTopics/4.development/1.CCS_workspace/tirtos_builds_CC1350_LAUNCHXL_release_gcc/Debug/configPkg/compiler.opt" "../seb/SimpleBeacon.c"
'Finished building: ../seb/SimpleBeacon.c'
' '
'Building file: ../smartrf_settings/smartrf_settings.c'
'Invoking: GNU Compiler'
"C:/ti/ccsv7/tools/compiler/gcc-arm-none-eabi-4_9-2015q3/bin/arm-none-eabi-gcc.exe" -c -mcpu=cortex-m3 -march=armv7-m -mthumb -mfloat-abi=soft -DBOARD_DISPLAY_USE_LCD=1 -DDEVICE_FAMILY=cc13x0 -I"C:/Users/Vitor/Desktop/Doutoramento/2nd_semester/SpecialTopics/4.development/1.CCS_workspace/rfWsnDmNode_CC1350_LAUNCHXL_tirtos_gcc" -I"C:/ti/simplelink_cc13x0_sdk_1_30_00_06/kernel/tirtos/packages/ti/sysbios/posix" -I"C:/ti/ccsv7/tools/compiler/gcc-arm-none-eabi-4_9-2015q3/arm-none-eabi/include" -ffunction-sections -fdata-sections -g -gdwarf-3 -gstrict-dwarf -Wall -MMD -MP -MF"smartrf_settings/smartrf_settings.d" -MT"smartrf_settings/smartrf_settings.o" -o"smartrf_settings/smartrf_settings.o" @"C:/Users/Vitor/Desktop/Doutoramento/2nd_semester/SpecialTopics/4.development/1.CCS_workspace/tirtos_builds_CC1350_LAUNCHXL_release_gcc/Debug/configPkg/compiler.opt" "../smartrf_settings/smartrf_settings.c"
'Finished building: ../smartrf_settings/smartrf_settings.c'
' '
'Building file: ../smartrf_settings/smartrf_settings_ble.c'
'Invoking: GNU Compiler'
"C:/ti/ccsv7/tools/compiler/gcc-arm-none-eabi-4_9-2015q3/bin/arm-none-eabi-gcc.exe" -c -mcpu=cortex-m3 -march=armv7-m -mthumb -mfloat-abi=soft -DBOARD_DISPLAY_USE_LCD=1 -DDEVICE_FAMILY=cc13x0 -I"C:/Users/Vitor/Desktop/Doutoramento/2nd_semester/SpecialTopics/4.development/1.CCS_workspace/rfWsnDmNode_CC1350_LAUNCHXL_tirtos_gcc" -I"C:/ti/simplelink_cc13x0_sdk_1_30_00_06/kernel/tirtos/packages/ti/sysbios/posix" -I"C:/ti/ccsv7/tools/compiler/gcc-arm-none-eabi-4_9-2015q3/arm-none-eabi/include" -ffunction-sections -fdata-sections -g -gdwarf-3 -gstrict-dwarf -Wall -MMD -MP -MF"smartrf_settings/smartrf_settings_ble.d" -MT"smartrf_settings/smartrf_settings_ble.o" -o"smartrf_settings/smartrf_settings_ble.o" @"C:/Users/Vitor/Desktop/Doutoramento/2nd_semester/SpecialTopics/4.development/1.CCS_workspace/tirtos_builds_CC1350_LAUNCHXL_release_gcc/Debug/configPkg/compiler.opt" "../smartrf_settings/smartrf_settings_ble.c"
'Finished building: ../smartrf_settings/smartrf_settings_ble.c'
' '
'Building file: ../smartrf_settings/smartrf_settings_predefined.c'
'Invoking: GNU Compiler'
"C:/ti/ccsv7/tools/compiler/gcc-arm-none-eabi-4_9-2015q3/bin/arm-none-eabi-gcc.exe" -c -mcpu=cortex-m3 -march=armv7-m -mthumb -mfloat-abi=soft -DBOARD_DISPLAY_USE_LCD=1 -DDEVICE_FAMILY=cc13x0 -I"C:/Users/Vitor/Desktop/Doutoramento/2nd_semester/SpecialTopics/4.development/1.CCS_workspace/rfWsnDmNode_CC1350_LAUNCHXL_tirtos_gcc" -I"C:/ti/simplelink_cc13x0_sdk_1_30_00_06/kernel/tirtos/packages/ti/sysbios/posix" -I"C:/ti/ccsv7/tools/compiler/gcc-arm-none-eabi-4_9-2015q3/arm-none-eabi/include" -ffunction-sections -fdata-sections -g -gdwarf-3 -gstrict-dwarf -Wall -MMD -MP -MF"smartrf_settings/smartrf_settings_predefined.d" -MT"smartrf_settings/smartrf_settings_predefined.o" -o"smartrf_settings/smartrf_settings_predefined.o" @"C:/Users/Vitor/Desktop/Doutoramento/2nd_semester/SpecialTopics/4.development/1.CCS_workspace/tirtos_builds_CC1350_LAUNCHXL_release_gcc/Debug/configPkg/compiler.opt" "../smartrf_settings/smartrf_settings_predefined.c"
'Finished building: ../smartrf_settings/smartrf_settings_predefined.c'
' '
'Building target: rfWsnDmNode_CC1350_LAUNCHXL_tirtos_gcc.out'
'Invoking: GNU Linker'
"C:/ti/ccsv7/tools/compiler/gcc-arm-none-eabi-4_9-2015q3/bin/arm-none-eabi-gcc.exe" -DBOARD_DISPLAY_USE_LCD=1 -DDEVICE_FAMILY=cc13x0 -ffunction-sections -fdata-sections -g -gdwarf-3 -gstrict-dwarf -Wall -march=armv7-m -mthumb -Wl,-Map,"rfWsnDmNode_CC1350_LAUNCHXL_tirtos_gcc.map" -nostartfiles -static -Wl,--gc-sections -L"C:/ti/simplelink_cc13x0_sdk_1_30_00_06/kernel/tirtos/packages/gnu/targets/arm/libs/install-native/arm-none-eabi/lib/armv7-m" -march=armv7-m -mthumb -o"rfWsnDmNode_CC1350_LAUNCHXL_tirtos_gcc.out" "./CC1350_LAUNCHXL.o" "./DmNodeRadioTask.o" "./DmNodeTask.o" "./SceAdc.o" "./ccfg.o" "./rfWsnDmNode.o" "./bim/oad_switch.o" "./easylink/EasyLink.o" "./extflash/ExtFlash.o" "./sce/scif.o" "./sce/scif_framework.o" "./sce/scif_osal_tirtos.o" "./seb/SEB.o" "./seb/SimpleBeacon.o" "./smartrf_settings/smartrf_settings.o" "./smartrf_settings/smartrf_settings_ble.o" "./smartrf_settings/smartrf_settings_predefined.o" -Wl,-T"../CC1350_LAUNCHXL_TIRTOS.lds" -Wl,-T"C:/Users/Vitor/Desktop/Doutoramento/2nd_semester/SpecialTopics/4.development/1.CCS_workspace/tirtos_builds_CC1350_LAUNCHXL_release_gcc/Debug/configPkg/linker.cmd" -Wl,--start-group -l:C:/ti/simplelink_cc13x0_sdk_1_30_00_06/source/ti/display/lib/display.am3g -l:C:/ti/simplelink_cc13x0_sdk_1_30_00_06/source/ti/mw/lcd/lib/lcd.am3g -l:C:/ti/simplelink_cc13x0_sdk_1_30_00_06/source/ti/grlib/lib/grlib.am3g -l:C:/ti/simplelink_cc13x0_sdk_1_30_00_06/source/ti/drivers/rf/lib/rf_multiMode_cc13x0.am3g -l:C:/ti/simplelink_cc13x0_sdk_1_30_00_06/source/ti/drivers/lib/drivers_cc13x0.am3g -l:C:/ti/simplelink_cc13x0_sdk_1_30_00_06/source/ti/drivers/pdm/lib/pdm_cc13x0.am3g -l:C:/ti/simplelink_cc13x0_sdk_1_30_00_06/kernel/tirtos/packages/ti/dpl/lib/dpl_cc13x0.am3g -l:C:/ti/simplelink_cc13x0_sdk_1_30_00_06/source/ti/devices/cc13x0/driverlib/bin/gcc/driverlib.lib -lgcc -lm -lnosys -lc -Wl,--end-group 
'Finished building target: rfWsnDmNode_CC1350_LAUNCHXL_tirtos_gcc.out'
' '

**** Build Finished ****

**** Build of configuration Debug for project tirtos_builds_CC1350_LAUNCHXL_release_gcc ****

"C:\\ti\\ccsv7\\utils\\bin\\gmake" -k -j 4 all -O 
making ../src/sysbios/rom_sysbios.am3g ...
gmake[1]: Nothing to be done for 'all'.
gmake[1]: Nothing to be done for 'configPkg/linker.cmd'.
making ../src/sysbios/rom_sysbios.am3g ...
gmake[2]: Nothing to be done for 'all'.

**** Build Finished ****

**** Build of configuration Debug for project tirtos_builds_CC1350_LAUNCHXL_release_gcc ****

"C:\\ti\\ccsv7\\utils\\bin\\gmake" -k -j 4 all -O 
making ../src/sysbios/rom_sysbios.am3g ...
gmake[1]: Nothing to be done for 'all'.
gmake[1]: Nothing to be done for 'configPkg/linker.cmd'.
making ../src/sysbios/rom_sysbios.am3g ...
gmake[2]: Nothing to be done for 'all'.

**** Build Finished ****

**** Build of configuration Debug for project rfWsnDmNode_CC1350_LAUNCHXL_tirtos_gcc ****

"C:\\ti\\ccsv7\\utils\\bin\\gmake" -k -j 4 all -O 
gmake[1]: 'rfWsnDmNode_CC1350_LAUNCHXL_tirtos_gcc.out' is up to date.

**** Build Finished ****
