
**** Build of configuration Debug for project rfWsnConcentrator_CC1310_LAUNCHXL_TI ****

"C:\\ti\\ccsv7\\utils\\bin\\gmake" -k all 
gmake[1]: Entering directory 'C:/Users/VMORAIS/Desktop/2nd_semester/SpecialTopics/4.development/2.WSN/rfWsnConcentrator_CC1310_LAUNCHXL_TI/Debug'
'Building file: ../rfExamples.cfg'
'Invoking: XDCtools'
"C:/ti/xdctools_3_32_00_06_core/xs" --xdcpath="C:/ti/tirtos_cc13xx_cc26xx_2_21_00_06/packages;C:/ti/tirtos_cc13xx_cc26xx_2_21_00_06/products/tidrivers_cc13xx_cc26xx_2_21_00_04/packages;C:/ti/tirtos_cc13xx_cc26xx_2_21_00_06/products/bios_6_46_01_37/packages;C:/ti/tirtos_cc13xx_cc26xx_2_21_00_06/products/uia_2_01_00_01/packages;C:/ti/ccsv7/ccs_base;" xdc.tools.configuro -o configPkg -t ti.targets.arm.elf.M3 -p ti.platforms.simplelink:CC1310F128 -r release -c "C:/ti/ccsv7/tools/compiler/ti-cgt-arm_16.9.1.LTS" --compileOptions "-mv7M3 --code_state=16 --float_support=vfplib -me --include_path=\"C:/Users/VMORAIS/Desktop/2nd_semester/SpecialTopics/4.development/2.WSN/rfWsnConcentrator_CC1310_LAUNCHXL_TI\" --include_path=\"C:/Users/VMORAIS/Desktop/2nd_semester/SpecialTopics/4.development/2.WSN/rfWsnConcentrator_CC1310_LAUNCHXL_TI/easylink\" --include_path=\"C:/Users/VMORAIS/Desktop/2nd_semester/SpecialTopics/4.development/2.WSN/rfWsnConcentrator_CC1310_LAUNCHXL_TI/smartrf_settings\" --include_path=\"C:/ti/tirtos_cc13xx_cc26xx_2_21_00_06/products/cc13xxware_2_04_03_17272\" --include_path=\"C:/ti/ccsv7/tools/compiler/ti-cgt-arm_16.9.1.LTS/include\" -g --define=ccs --diag_wrap=off --diag_warning=225 --diag_warning=255 --display_error_number --gen_func_subsections=on --abi=eabi  " "../rfExamples.cfg"
making package.mak (because of package.bld) ...
generating interfaces for package configPkg (because package/package.xdc.inc is older than package.xdc) ...
configuring rfExamples.xem3 from package/cfg/rfExamples_pem3.cfg ...
generating custom ROM library makefile ... 
Starting build of library sources ...
making C:/Users/VMORAIS/Desktop/2nd_semester/SpecialTopics/4.development/2.WSN/rfWsnConcentrator_CC1310_LAUNCHXL_TI/src/sysbios/rom_sysbios.aem3 ...
gmake[1]: Entering directory `C:/Users/VMORAIS/Desktop/2nd_semester/SpecialTopics/4.development/2.WSN/rfWsnConcentrator_CC1310_LAUNCHXL_TI/src/sysbios'
clem3 C:/ti/tirtos_cc13xx_cc26xx_2_21_00_06/products/bios_6_46_01_37/packages/ti/sysbios/BIOS.c ...
asmem3 C:/ti/tirtos_cc13xx_cc26xx_2_21_00_06/products/bios_6_46_01_37/packages/ti/sysbios/family/arm/m3/Hwi_asm.sv7M ...
asmem3 C:/ti/tirtos_cc13xx_cc26xx_2_21_00_06/products/bios_6_46_01_37/packages/ti/sysbios/family/arm/m3/Hwi_asm_switch.sv7M ...
asmem3 C:/ti/tirtos_cc13xx_cc26xx_2_21_00_06/products/bios_6_46_01_37/packages/ti/sysbios/family/arm/m3/IntrinsicsSupport_asm.sv7M ...
asmem3 C:/ti/tirtos_cc13xx_cc26xx_2_21_00_06/products/bios_6_46_01_37/packages/ti/sysbios/family/arm/m3/TaskSupport_asm.sv7M ...
arem3 rom_sysbios.obj m3_Hwi_asm.obj m3_Hwi_asm_switch.obj m3_IntrinsicsSupport_asm.obj m3_TaskSupport_asm.obj ...
gmake[1]: Leaving directory `C:/Users/VMORAIS/Desktop/2nd_semester/SpecialTopics/4.development/2.WSN/rfWsnConcentrator_CC1310_LAUNCHXL_TI/src/sysbios'
Build of libraries done.
clem3 package/cfg/rfExamples_pem3.c ...
'Finished building: ../rfExamples.cfg'
' '
gmake[1]: Leaving directory 'C:/Users/VMORAIS/Desktop/2nd_semester/SpecialTopics/4.development/2.WSN/rfWsnConcentrator_CC1310_LAUNCHXL_TI/Debug'
        1 file(s) copied.
making ../src/sysbios/rom_sysbios.aem3 ...
gmake[1]: Entering directory 'C:/Users/VMORAIS/Desktop/2nd_semester/SpecialTopics/4.development/2.WSN/rfWsnConcentrator_CC1310_LAUNCHXL_TI/src/sysbios'
gmake[1]: Nothing to be done for 'all'.
gmake[1]: Leaving directory 'C:/Users/VMORAIS/Desktop/2nd_semester/SpecialTopics/4.development/2.WSN/rfWsnConcentrator_CC1310_LAUNCHXL_TI/src/sysbios'
'Building file: ../CC1310_LAUNCHXL.c'
'Invoking: ARM Compiler'
"C:/ti/ccsv7/tools/compiler/ti-cgt-arm_16.9.1.LTS/bin/armcl" -mv7M3 --code_state=16 --float_support=vfplib -me --include_path="C:/Users/VMORAIS/Desktop/2nd_semester/SpecialTopics/4.development/2.WSN/rfWsnConcentrator_CC1310_LAUNCHXL_TI" --include_path="C:/Users/VMORAIS/Desktop/2nd_semester/SpecialTopics/4.development/2.WSN/rfWsnConcentrator_CC1310_LAUNCHXL_TI/easylink" --include_path="C:/Users/VMORAIS/Desktop/2nd_semester/SpecialTopics/4.development/2.WSN/rfWsnConcentrator_CC1310_LAUNCHXL_TI/smartrf_settings" --include_path="C:/ti/tirtos_cc13xx_cc26xx_2_21_00_06/products/cc13xxware_2_04_03_17272" --include_path="C:/ti/ccsv7/tools/compiler/ti-cgt-arm_16.9.1.LTS/include" -g --define=ccs --diag_wrap=off --diag_warning=225 --diag_warning=255 --display_error_number --gen_func_subsections=on --abi=eabi --preproc_with_compile --preproc_dependency="CC1310_LAUNCHXL.d" --cmd_file="configPkg/compiler.opt" "../CC1310_LAUNCHXL.c"
'Finished building: ../CC1310_LAUNCHXL.c'
' '
'Building file: ../ConcentratorRadioTask.c'
'Invoking: ARM Compiler'
"C:/ti/ccsv7/tools/compiler/ti-cgt-arm_16.9.1.LTS/bin/armcl" -mv7M3 --code_state=16 --float_support=vfplib -me --include_path="C:/Users/VMORAIS/Desktop/2nd_semester/SpecialTopics/4.development/2.WSN/rfWsnConcentrator_CC1310_LAUNCHXL_TI" --include_path="C:/Users/VMORAIS/Desktop/2nd_semester/SpecialTopics/4.development/2.WSN/rfWsnConcentrator_CC1310_LAUNCHXL_TI/easylink" --include_path="C:/Users/VMORAIS/Desktop/2nd_semester/SpecialTopics/4.development/2.WSN/rfWsnConcentrator_CC1310_LAUNCHXL_TI/smartrf_settings" --include_path="C:/ti/tirtos_cc13xx_cc26xx_2_21_00_06/products/cc13xxware_2_04_03_17272" --include_path="C:/ti/ccsv7/tools/compiler/ti-cgt-arm_16.9.1.LTS/include" -g --define=ccs --diag_wrap=off --diag_warning=225 --diag_warning=255 --display_error_number --gen_func_subsections=on --abi=eabi --preproc_with_compile --preproc_dependency="ConcentratorRadioTask.d" --cmd_file="configPkg/compiler.opt" "../ConcentratorRadioTask.c"
'Finished building: ../ConcentratorRadioTask.c'
' '
'Building file: ../ConcentratorTask.c'
'Invoking: ARM Compiler'
"C:/ti/ccsv7/tools/compiler/ti-cgt-arm_16.9.1.LTS/bin/armcl" -mv7M3 --code_state=16 --float_support=vfplib -me --include_path="C:/Users/VMORAIS/Desktop/2nd_semester/SpecialTopics/4.development/2.WSN/rfWsnConcentrator_CC1310_LAUNCHXL_TI" --include_path="C:/Users/VMORAIS/Desktop/2nd_semester/SpecialTopics/4.development/2.WSN/rfWsnConcentrator_CC1310_LAUNCHXL_TI/easylink" --include_path="C:/Users/VMORAIS/Desktop/2nd_semester/SpecialTopics/4.development/2.WSN/rfWsnConcentrator_CC1310_LAUNCHXL_TI/smartrf_settings" --include_path="C:/ti/tirtos_cc13xx_cc26xx_2_21_00_06/products/cc13xxware_2_04_03_17272" --include_path="C:/ti/ccsv7/tools/compiler/ti-cgt-arm_16.9.1.LTS/include" -g --define=ccs --diag_wrap=off --diag_warning=225 --diag_warning=255 --display_error_number --gen_func_subsections=on --abi=eabi --preproc_with_compile --preproc_dependency="ConcentratorTask.d" --cmd_file="configPkg/compiler.opt" "../ConcentratorTask.c"
'Finished building: ../ConcentratorTask.c'
' '
'Building file: ../ccfg.c'
'Invoking: ARM Compiler'
"C:/ti/ccsv7/tools/compiler/ti-cgt-arm_16.9.1.LTS/bin/armcl" -mv7M3 --code_state=16 --float_support=vfplib -me --include_path="C:/Users/VMORAIS/Desktop/2nd_semester/SpecialTopics/4.development/2.WSN/rfWsnConcentrator_CC1310_LAUNCHXL_TI" --include_path="C:/Users/VMORAIS/Desktop/2nd_semester/SpecialTopics/4.development/2.WSN/rfWsnConcentrator_CC1310_LAUNCHXL_TI/easylink" --include_path="C:/Users/VMORAIS/Desktop/2nd_semester/SpecialTopics/4.development/2.WSN/rfWsnConcentrator_CC1310_LAUNCHXL_TI/smartrf_settings" --include_path="C:/ti/tirtos_cc13xx_cc26xx_2_21_00_06/products/cc13xxware_2_04_03_17272" --include_path="C:/ti/ccsv7/tools/compiler/ti-cgt-arm_16.9.1.LTS/include" -g --define=ccs --diag_wrap=off --diag_warning=225 --diag_warning=255 --display_error_number --gen_func_subsections=on --abi=eabi --preproc_with_compile --preproc_dependency="ccfg.d" --cmd_file="configPkg/compiler.opt" "../ccfg.c"
'Finished building: ../ccfg.c'
' '
'Building file: ../rfWsnConcentrator.c'
'Invoking: ARM Compiler'
"C:/ti/ccsv7/tools/compiler/ti-cgt-arm_16.9.1.LTS/bin/armcl" -mv7M3 --code_state=16 --float_support=vfplib -me --include_path="C:/Users/VMORAIS/Desktop/2nd_semester/SpecialTopics/4.development/2.WSN/rfWsnConcentrator_CC1310_LAUNCHXL_TI" --include_path="C:/Users/VMORAIS/Desktop/2nd_semester/SpecialTopics/4.development/2.WSN/rfWsnConcentrator_CC1310_LAUNCHXL_TI/easylink" --include_path="C:/Users/VMORAIS/Desktop/2nd_semester/SpecialTopics/4.development/2.WSN/rfWsnConcentrator_CC1310_LAUNCHXL_TI/smartrf_settings" --include_path="C:/ti/tirtos_cc13xx_cc26xx_2_21_00_06/products/cc13xxware_2_04_03_17272" --include_path="C:/ti/ccsv7/tools/compiler/ti-cgt-arm_16.9.1.LTS/include" -g --define=ccs --diag_wrap=off --diag_warning=225 --diag_warning=255 --display_error_number --gen_func_subsections=on --abi=eabi --preproc_with_compile --preproc_dependency="rfWsnConcentrator.d" --cmd_file="configPkg/compiler.opt" "../rfWsnConcentrator.c"
'Finished building: ../rfWsnConcentrator.c'
' '
'Building file: ../easylink/EasyLink.c'
'Invoking: ARM Compiler'
"C:/ti/ccsv7/tools/compiler/ti-cgt-arm_16.9.1.LTS/bin/armcl" -mv7M3 --code_state=16 --float_support=vfplib -me --include_path="C:/Users/VMORAIS/Desktop/2nd_semester/SpecialTopics/4.development/2.WSN/rfWsnConcentrator_CC1310_LAUNCHXL_TI" --include_path="C:/Users/VMORAIS/Desktop/2nd_semester/SpecialTopics/4.development/2.WSN/rfWsnConcentrator_CC1310_LAUNCHXL_TI/easylink" --include_path="C:/Users/VMORAIS/Desktop/2nd_semester/SpecialTopics/4.development/2.WSN/rfWsnConcentrator_CC1310_LAUNCHXL_TI/smartrf_settings" --include_path="C:/ti/tirtos_cc13xx_cc26xx_2_21_00_06/products/cc13xxware_2_04_03_17272" --include_path="C:/ti/ccsv7/tools/compiler/ti-cgt-arm_16.9.1.LTS/include" -g --define=ccs --diag_wrap=off --diag_warning=225 --diag_warning=255 --display_error_number --gen_func_subsections=on --abi=eabi --preproc_with_compile --preproc_dependency="easylink/EasyLink.d" --obj_directory="easylink" --cmd_file="configPkg/compiler.opt" "../easylink/EasyLink.c"
'Finished building: ../easylink/EasyLink.c'
' '
'Building file: ../smartrf_settings/smartrf_settings.c'
'Invoking: ARM Compiler'
"C:/ti/ccsv7/tools/compiler/ti-cgt-arm_16.9.1.LTS/bin/armcl" -mv7M3 --code_state=16 --float_support=vfplib -me --include_path="C:/Users/VMORAIS/Desktop/2nd_semester/SpecialTopics/4.development/2.WSN/rfWsnConcentrator_CC1310_LAUNCHXL_TI" --include_path="C:/Users/VMORAIS/Desktop/2nd_semester/SpecialTopics/4.development/2.WSN/rfWsnConcentrator_CC1310_LAUNCHXL_TI/easylink" --include_path="C:/Users/VMORAIS/Desktop/2nd_semester/SpecialTopics/4.development/2.WSN/rfWsnConcentrator_CC1310_LAUNCHXL_TI/smartrf_settings" --include_path="C:/ti/tirtos_cc13xx_cc26xx_2_21_00_06/products/cc13xxware_2_04_03_17272" --include_path="C:/ti/ccsv7/tools/compiler/ti-cgt-arm_16.9.1.LTS/include" -g --define=ccs --diag_wrap=off --diag_warning=225 --diag_warning=255 --display_error_number --gen_func_subsections=on --abi=eabi --preproc_with_compile --preproc_dependency="smartrf_settings/smartrf_settings.d" --obj_directory="smartrf_settings" --cmd_file="configPkg/compiler.opt" "../smartrf_settings/smartrf_settings.c"
'Finished building: ../smartrf_settings/smartrf_settings.c'
' '
'Building file: ../smartrf_settings/smartrf_settings_predefined.c'
'Invoking: ARM Compiler'
"C:/ti/ccsv7/tools/compiler/ti-cgt-arm_16.9.1.LTS/bin/armcl" -mv7M3 --code_state=16 --float_support=vfplib -me --include_path="C:/Users/VMORAIS/Desktop/2nd_semester/SpecialTopics/4.development/2.WSN/rfWsnConcentrator_CC1310_LAUNCHXL_TI" --include_path="C:/Users/VMORAIS/Desktop/2nd_semester/SpecialTopics/4.development/2.WSN/rfWsnConcentrator_CC1310_LAUNCHXL_TI/easylink" --include_path="C:/Users/VMORAIS/Desktop/2nd_semester/SpecialTopics/4.development/2.WSN/rfWsnConcentrator_CC1310_LAUNCHXL_TI/smartrf_settings" --include_path="C:/ti/tirtos_cc13xx_cc26xx_2_21_00_06/products/cc13xxware_2_04_03_17272" --include_path="C:/ti/ccsv7/tools/compiler/ti-cgt-arm_16.9.1.LTS/include" -g --define=ccs --diag_wrap=off --diag_warning=225 --diag_warning=255 --display_error_number --gen_func_subsections=on --abi=eabi --preproc_with_compile --preproc_dependency="smartrf_settings/smartrf_settings_predefined.d" --obj_directory="smartrf_settings" --cmd_file="configPkg/compiler.opt" "../smartrf_settings/smartrf_settings_predefined.c"
'Finished building: ../smartrf_settings/smartrf_settings_predefined.c'
' '
'Building target: rfWsnConcentrator_CC1310_LAUNCHXL_TI.out'
'Invoking: ARM Linker'
"C:/ti/ccsv7/tools/compiler/ti-cgt-arm_16.9.1.LTS/bin/armcl" -mv7M3 --code_state=16 --float_support=vfplib -me -g --define=ccs --diag_wrap=off --diag_warning=225 --diag_warning=255 --display_error_number --gen_func_subsections=on --abi=eabi -z -m"rfWsnConcentrator_CC1310_LAUNCHXL_TI.map" --stack_size=256 --heap_size=0 -i"C:/ti/ccsv7/tools/compiler/ti-cgt-arm_16.9.1.LTS/lib" -i"C:/ti/ccsv7/tools/compiler/ti-cgt-arm_16.9.1.LTS/include" --reread_libs --diag_wrap=off --warn_sections --display_error_number --xml_link_info="rfWsnConcentrator_CC1310_LAUNCHXL_TI_linkInfo.xml" --rom_model -o "rfWsnConcentrator_CC1310_LAUNCHXL_TI.out" "./CC1310_LAUNCHXL.obj" "./ConcentratorRadioTask.obj" "./ConcentratorTask.obj" "./ccfg.obj" "./rfWsnConcentrator.obj" "./easylink/EasyLink.obj" "./smartrf_settings/smartrf_settings.obj" "./smartrf_settings/smartrf_settings_predefined.obj" "../CC1310_LAUNCHXL.cmd" -l"configPkg/linker.cmd" -l"C:/ti/tirtos_cc13xx_cc26xx_2_21_00_06/products/cc13xxware_2_04_03_17272/driverlib/bin/ccs/driverlib.lib" -llibc.a 
<Linking>
'Finished building target: rfWsnConcentrator_CC1310_LAUNCHXL_TI.out'
' '

**** Build Finished ****
