Added Net: Name=+5V
Added Net: Name=BP_RESET
Added Net: Name=CC1310_RESET
Added Net: Name=CC1310_TCK
Added Net: Name=CC1310_TMS
Added Net: Name=CC1310_VDD
Added Net: Name=DCDC_SW
Added Net: Name=DIO1
Added Net: Name=DIO2_RXD
Added Net: Name=DIO3_TXD
Added Net: Name=DIO4_SCL
Added Net: Name=DIO5_SDA
Added Net: Name=DIO6_RLED
Added Net: Name=DIO7_GLED
Added Net: Name=DIO8_MISO
Added Net: Name=DIO9_MOSI
Added Net: Name=DIO10_SCLK
Added Net: Name=DIO11_CS
Added Net: Name=DIO12
Added Net: Name=DIO13_BTN1
Added Net: Name=DIO14_BTN2
Added Net: Name=DIO15
Added Net: Name=DIO16_TDO
Added Net: Name=DIO17_TDI
Added Net: Name=DIO18_RTS/SWO
Added Net: Name=DIO19_CTS
Added Net: Name=DIO20_Flash_CS
Added Net: Name=DIO21
Added Net: Name=DIO22
Added Net: Name=DIO23_Analog
Added Net: Name=DIO24_Analog
Added Net: Name=DIO25_Analog
Added Net: Name=DIO26_Analog
Added Net: Name=DIO27_Analog
Added Net: Name=DIO28_Analog
Added Net: Name=DIO29_Analog
Added Net: Name=DIO30_Analog
Added Net: Name=IRSTn
Added Net: Name=ITCK
Added Net: Name=ITDI
Added Net: Name=ITMS
Added Net: Name=LP_RESET
Added Net: Name=NetA1_1
Added Net: Name=NetC11_2
Added Net: Name=NetC12_1
Added Net: Name=NetC13_1
Added Net: Name=NetC14_1
Added Net: Name=NetC15_2
Added Net: Name=NetC17_1
Added Net: Name=NetC18_1
Added Net: Name=NetC19_1
Added Net: Name=NetC21_1
Added Net: Name=NetC22_1
Added Net: Name=NetC32_1
Added Net: Name=NetC33_1
Added Net: Name=NetC34_1
Added Net: Name=NetC46_1
Added Net: Name=NetC47_2
Added Net: Name=NetC59_1
Added Net: Name=NetCR1_2
Added Net: Name=NetCR2_2
Added Net: Name=NetCR4_2
Added Net: Name=NetCR5_2
Added Net: Name=NetCR6_1
Added Net: Name=NetJ2_13
Added Net: Name=NetJ2_15
Added Net: Name=NetJ2_17
Added Net: Name=NetJ2_19
Added Net: Name=NetP6_1
Added Net: Name=NetP6_3
Added Net: Name=NetP11_1
Added Net: Name=NetR17_1
Added Net: Name=NetR19_2
Added Net: Name=NetR22_1
Added Net: Name=NetR23_2
Added Net: Name=NetR25_2
Added Net: Name=NetR27_2
Added Net: Name=NetR28_2
Added Net: Name=NetR29_1
Added Net: Name=NetR30_1
Added Net: Name=NetR39_2
Added Net: Name=NetR55_1
Added Net: Name=NetR56_1
Added Net: Name=NetR57_1
Added Net: Name=NetR59_1
Added Net: Name=NetR60_1
Added Net: Name=NetU1_46
Added Net: Name=NetU1_47
Added Net: Name=USB_DM
Added Net: Name=USB_DP
Added Net: Name=USB_ID
Added Net: Name=USB_VBUS
Added Net: Name=V-Sense
Added Net: Name=VDDC
Added Net: Name=VDDR
Added Net: Name=VDDS
Added Net: Name=XDS_RESET_LS
Added Net: Name=XDS_RESET
Added Net: Name=XDS_RX_LS
Added Net: Name=XDS_RX
Added Net: Name=XDS_SWO_LS
Added Net: Name=XDS_SWO
Added Net: Name=XDS_TCK_LS
Added Net: Name=XDS_TCK
Added Net: Name=XDS_TDI_LS
Added Net: Name=XDS_TDI
Added Net: Name=XDS_TDO_LS
Added Net: Name=XDS_TDO
Added Net: Name=XDS_TMS_DIR
Added Net: Name=XDS_TMS_LS
Added Net: Name=XDS_TMS
Added Net: Name=XDS_TX_LS
Added Net: Name=XDS_TX
Added Net: Name=XDS_VCC
Added Class: Name=1_CC1310RF
Added Class: Name=2_Peripherals
Added Class: Name=3_Debugger Interface
Added Class: Name=4_XDS110
Added Room: Name=1_CC1310RF
Added Room: Name=2_Peripherals
Added Room: Name=3_Debugger Interface
Added Room: Name=4_XDS110
