
**** Build of configuration Debug for project clock_CC1350_LAUNCHXL_TI ****

"C:\\ti\\ccsv7\\utils\\bin\\gmake" -k -j 4 all -O 
gmake[1]: Entering directory 'C:/Users/VMORAIS/Desktop/2nd_semester/SpecialTopics/4.development/21.WSN/clock_CC1350_LAUNCHXL_TI/Debug'
'Building file: ../clock.cfg'
'Invoking: XDCtools'
"C:/ti/xdctools_3_32_00_06_core/xs" --xdcpath="C:/ti/tirtos_cc13xx_cc26xx_2_21_00_06/packages;C:/ti/tirtos_cc13xx_cc26xx_2_21_00_06/products/tidrivers_cc13xx_cc26xx_2_21_00_04/packages;C:/ti/tirtos_cc13xx_cc26xx_2_21_00_06/products/bios_6_46_01_37/packages;C:/ti/tirtos_cc13xx_cc26xx_2_21_00_06/products/uia_2_01_00_01/packages;C:/ti/ccsv7/ccs_base;" xdc.tools.configuro -o configPkg -t ti.targets.arm.elf.M3 -p ti.platforms.simplelink:CC1350F128 -r release -c "C:/ti/ccsv7/tools/compiler/ti-cgt-arm_16.9.1.LTS" --compileOptions "-mv7M3 --code_state=16 --float_support=vfplib -me --include_path=\"C:/Users/VMORAIS/Desktop/2nd_semester/SpecialTopics/4.development/21.WSN/clock_CC1350_LAUNCHXL_TI\" --include_path=\"C:/Users/VMORAIS/Desktop/2nd_semester/SpecialTopics/4.development/21.WSN/clock_CC1350_LAUNCHXL_TI\" --include_path=\"C:/ti/tirtos_cc13xx_cc26xx_2_21_00_06/products/cc13xxware_2_04_03_17272\" --include_path=\"C:/ti/ccsv7/tools/compiler/ti-cgt-arm_16.9.1.LTS/include\" --define=ccs -g --diag_warning=225 --diag_warning=255 --diag_wrap=off --display_error_number --gen_func_subsections=on --abi=eabi  " "../clock.cfg"
making package.mak (because of package.bld) ...
generating interfaces for package configPkg (because package/package.xdc.inc is older than package.xdc) ...
configuring clock.xem3 from package/cfg/clock_pem3.cfg ...
generating custom ROM library makefile ... 
Starting build of library sources ...
making C:/Users/VMORAIS/Desktop/2nd_semester/SpecialTopics/4.development/21.WSN/clock_CC1350_LAUNCHXL_TI/src/sysbios/rom_sysbios.aem3 ...
gmake[1]: Entering directory `C:/Users/VMORAIS/Desktop/2nd_semester/SpecialTopics/4.development/21.WSN/clock_CC1350_LAUNCHXL_TI/src/sysbios'
clem3 C:/ti/tirtos_cc13xx_cc26xx_2_21_00_06/products/bios_6_46_01_37/packages/ti/sysbios/BIOS.c ...
asmem3 C:/ti/tirtos_cc13xx_cc26xx_2_21_00_06/products/bios_6_46_01_37/packages/ti/sysbios/family/arm/m3/Hwi_asm.sv7M ...
asmem3 C:/ti/tirtos_cc13xx_cc26xx_2_21_00_06/products/bios_6_46_01_37/packages/ti/sysbios/family/arm/m3/Hwi_asm_switch.sv7M ...
asmem3 C:/ti/tirtos_cc13xx_cc26xx_2_21_00_06/products/bios_6_46_01_37/packages/ti/sysbios/family/arm/m3/IntrinsicsSupport_asm.sv7M ...
asmem3 C:/ti/tirtos_cc13xx_cc26xx_2_21_00_06/products/bios_6_46_01_37/packages/ti/sysbios/family/arm/m3/TaskSupport_asm.sv7M ...
arem3 rom_sysbios.obj m3_Hwi_asm.obj m3_Hwi_asm_switch.obj m3_IntrinsicsSupport_asm.obj m3_TaskSupport_asm.obj ...
gmake[1]: Leaving directory `C:/Users/VMORAIS/Desktop/2nd_semester/SpecialTopics/4.development/21.WSN/clock_CC1350_LAUNCHXL_TI/src/sysbios'
Build of libraries done.
clem3 package/cfg/clock_pem3.c ...
'Finished building: ../clock.cfg'
' '
gmake[1]: Leaving directory 'C:/Users/VMORAIS/Desktop/2nd_semester/SpecialTopics/4.development/21.WSN/clock_CC1350_LAUNCHXL_TI/Debug'
        1 file(s) copied.
making ../src/sysbios/rom_sysbios.aem3 ...
gmake[1]: Nothing to be done for 'all'.
'Building file: ../ccfg.c'
'Invoking: ARM Compiler'
"C:/ti/ccsv7/tools/compiler/ti-cgt-arm_16.9.1.LTS/bin/armcl" -mv7M3 --code_state=16 --float_support=vfplib -me --include_path="C:/Users/VMORAIS/Desktop/2nd_semester/SpecialTopics/4.development/21.WSN/clock_CC1350_LAUNCHXL_TI" --include_path="C:/Users/VMORAIS/Desktop/2nd_semester/SpecialTopics/4.development/21.WSN/clock_CC1350_LAUNCHXL_TI" --include_path="C:/ti/tirtos_cc13xx_cc26xx_2_21_00_06/products/cc13xxware_2_04_03_17272" --include_path="C:/ti/ccsv7/tools/compiler/ti-cgt-arm_16.9.1.LTS/include" --define=ccs -g --diag_warning=225 --diag_warning=255 --diag_wrap=off --display_error_number --gen_func_subsections=on --abi=eabi --preproc_with_compile --preproc_dependency="ccfg.d" --cmd_file="configPkg/compiler.opt" "../ccfg.c"
'Finished building: ../ccfg.c'
' '
'Building file: ../clock.c'
'Invoking: ARM Compiler'
"C:/ti/ccsv7/tools/compiler/ti-cgt-arm_16.9.1.LTS/bin/armcl" -mv7M3 --code_state=16 --float_support=vfplib -me --include_path="C:/Users/VMORAIS/Desktop/2nd_semester/SpecialTopics/4.development/21.WSN/clock_CC1350_LAUNCHXL_TI" --include_path="C:/Users/VMORAIS/Desktop/2nd_semester/SpecialTopics/4.development/21.WSN/clock_CC1350_LAUNCHXL_TI" --include_path="C:/ti/tirtos_cc13xx_cc26xx_2_21_00_06/products/cc13xxware_2_04_03_17272" --include_path="C:/ti/ccsv7/tools/compiler/ti-cgt-arm_16.9.1.LTS/include" --define=ccs -g --diag_warning=225 --diag_warning=255 --diag_wrap=off --display_error_number --gen_func_subsections=on --abi=eabi --preproc_with_compile --preproc_dependency="clock.d" --cmd_file="configPkg/compiler.opt" "../clock.c"
'Finished building: ../clock.c'
' '
'Building file: ../CC1350_LAUNCHXL.c'
'Invoking: ARM Compiler'
"C:/ti/ccsv7/tools/compiler/ti-cgt-arm_16.9.1.LTS/bin/armcl" -mv7M3 --code_state=16 --float_support=vfplib -me --include_path="C:/Users/VMORAIS/Desktop/2nd_semester/SpecialTopics/4.development/21.WSN/clock_CC1350_LAUNCHXL_TI" --include_path="C:/Users/VMORAIS/Desktop/2nd_semester/SpecialTopics/4.development/21.WSN/clock_CC1350_LAUNCHXL_TI" --include_path="C:/ti/tirtos_cc13xx_cc26xx_2_21_00_06/products/cc13xxware_2_04_03_17272" --include_path="C:/ti/ccsv7/tools/compiler/ti-cgt-arm_16.9.1.LTS/include" --define=ccs -g --diag_warning=225 --diag_warning=255 --diag_wrap=off --display_error_number --gen_func_subsections=on --abi=eabi --preproc_with_compile --preproc_dependency="CC1350_LAUNCHXL.d" --cmd_file="configPkg/compiler.opt" "../CC1350_LAUNCHXL.c"
'Finished building: ../CC1350_LAUNCHXL.c'
' '
making ../src/sysbios/rom_sysbios.aem3 ...
gmake[2]: Nothing to be done for 'all'.
'Building target: clock_CC1350_LAUNCHXL_TI.out'
'Invoking: ARM Linker'
"C:/ti/ccsv7/tools/compiler/ti-cgt-arm_16.9.1.LTS/bin/armcl" -mv7M3 --code_state=16 --float_support=vfplib -me --define=ccs -g --diag_warning=225 --diag_warning=255 --diag_wrap=off --display_error_number --gen_func_subsections=on --abi=eabi -z -m"clock_CC1350_LAUNCHXL_TI.map" --heap_size=0 --stack_size=256 -i"C:/ti/ccsv7/tools/compiler/ti-cgt-arm_16.9.1.LTS/lib" -i"C:/ti/ccsv7/tools/compiler/ti-cgt-arm_16.9.1.LTS/include" --reread_libs --diag_wrap=off --display_error_number --warn_sections --xml_link_info="clock_CC1350_LAUNCHXL_TI_linkInfo.xml" --rom_model -o "clock_CC1350_LAUNCHXL_TI.out" "./CC1350_LAUNCHXL.obj" "./ccfg.obj" "./clock.obj" "../CC1350_LAUNCHXL.cmd" -l"configPkg/linker.cmd" -l"C:/ti/tirtos_cc13xx_cc26xx_2_21_00_06/products/cc13xxware_2_04_03_17272/driverlib/bin/ccs/driverlib.lib" -llibc.a 
<Linking>
'Finished building target: clock_CC1350_LAUNCHXL_TI.out'
' '

**** Build Finished ****
