
**** Build of configuration Debug for project hello_CC1350_LAUNCHXL_TI_CC1350F128 ****

"C:\\ti\\ccsv7\\utils\\bin\\gmake" -k -j 4 all -O 
making ../src/sysbios/rom_sysbios.aem3 ...
gmake[1]: Entering directory 'C:/Users/VMORAIS/Desktop/2nd_semester/SpecialTopics/4.development/21.WSN/hello_CC1350_LAUNCHXL_TI_CC1350F128/Debug'
'Building file: ../rfWsnNode.cfg'
'Invoking: XDCtools'
"C:/ti/xdctools_3_32_00_06_core/xs" --xdcpath="C:/ti/tirtos_cc13xx_cc26xx_2_21_00_06/packages;C:/ti/tirtos_cc13xx_cc26xx_2_21_00_06/products/tidrivers_cc13xx_cc26xx_2_21_00_04/packages;C:/ti/tirtos_cc13xx_cc26xx_2_21_00_06/products/bios_6_46_01_37/packages;C:/ti/tirtos_cc13xx_cc26xx_2_21_00_06/products/uia_2_01_00_01/packages;C:/ti/ccsv7/ccs_base;" xdc.tools.configuro -o configPkg -t ti.targets.arm.elf.M3 -p ti.platforms.simplelink:CC1350F128 -r release -c "C:/ti/ccsv7/tools/compiler/ti-cgt-arm_16.9.1.LTS" --compileOptions "-mv7M3 --code_state=16 --float_support=vfplib -me --include_path=\"C:/Users/VMORAIS/Desktop/2nd_semester/SpecialTopics/4.development/21.WSN/hello_CC1350_LAUNCHXL_TI_CC1350F128\" --include_path=\"C:/Users/VMORAIS/Desktop/2nd_semester/SpecialTopics/4.development/21.WSN/hello_CC1350_LAUNCHXL_TI_CC1350F128\" --include_path=\"C:/ti/tirtos_cc13xx_cc26xx_2_21_00_06/products/cc13xxware_2_04_03_17272\" --include_path=\"C:/ti/ccsv7/tools/compiler/ti-cgt-arm_16.9.1.LTS/include\" --define=ccs -g --diag_warning=225 --diag_warning=255 --diag_wrap=off --display_error_number --gen_func_subsections=on --abi=eabi  " "../rfWsnNode.cfg"
gmake[1]: Nothing to be done for 'all'.
'Building file: ../rfWsnNode.c'
'Invoking: ARM Compiler'
"C:/ti/ccsv7/tools/compiler/ti-cgt-arm_16.9.1.LTS/bin/armcl" -mv7M3 --code_state=16 --float_support=vfplib -me --include_path="C:/Users/VMORAIS/Desktop/2nd_semester/SpecialTopics/4.development/21.WSN/hello_CC1350_LAUNCHXL_TI_CC1350F128" --include_path="C:/Users/VMORAIS/Desktop/2nd_semester/SpecialTopics/4.development/21.WSN/hello_CC1350_LAUNCHXL_TI_CC1350F128" --include_path="C:/ti/tirtos_cc13xx_cc26xx_2_21_00_06/products/cc13xxware_2_04_03_17272" --include_path="C:/ti/ccsv7/tools/compiler/ti-cgt-arm_16.9.1.LTS/include" --define=ccs -g --diag_warning=225 --diag_warning=255 --diag_wrap=off --display_error_number --gen_func_subsections=on --abi=eabi --preproc_with_compile --preproc_dependency="rfWsnNode.d" --cmd_file="configPkg/compiler.opt" "../rfWsnNode.c"
'Finished building: ../rfWsnNode.c'
' '
making package.mak (because of package.bld) ...
configuring rfWsnNode.xem3 from package/cfg/rfWsnNode_pem3.cfg ...
generating custom ROM library makefile ... 
Starting build of library sources ...
making C:/Users/VMORAIS/Desktop/2nd_semester/SpecialTopics/4.development/21.WSN/hello_CC1350_LAUNCHXL_TI_CC1350F128/src/sysbios/rom_sysbios.aem3 ...
gmake[1]: Entering directory `C:/Users/VMORAIS/Desktop/2nd_semester/SpecialTopics/4.development/21.WSN/hello_CC1350_LAUNCHXL_TI_CC1350F128/src/sysbios'
gmake[1]: Nothing to be done for `all'.
gmake[1]: Leaving directory `C:/Users/VMORAIS/Desktop/2nd_semester/SpecialTopics/4.development/21.WSN/hello_CC1350_LAUNCHXL_TI_CC1350F128/src/sysbios'
Build of libraries done.
clem3 package/cfg/rfWsnNode_pem3.c ...
'Finished building: ../rfWsnNode.cfg'
' '
gmake[1]: Leaving directory 'C:/Users/VMORAIS/Desktop/2nd_semester/SpecialTopics/4.development/21.WSN/hello_CC1350_LAUNCHXL_TI_CC1350F128/Debug'
'Building file: ../CC1350_LAUNCHXL.c'
'Building file: ../NodeRadioTask.c'
'Building file: ../NodeTask.c'
'Invoking: ARM Compiler'
"C:/ti/ccsv7/tools/compiler/ti-cgt-arm_16.9.1.LTS/bin/armcl" -mv7M3 --code_state=16 --float_support=vfplib -me --include_path="C:/Users/VMORAIS/Desktop/2nd_semester/SpecialTopics/4.development/21.WSN/hello_CC1350_LAUNCHXL_TI_CC1350F128" --include_path="C:/Users/VMORAIS/Desktop/2nd_semester/SpecialTopics/4.development/21.WSN/hello_CC1350_LAUNCHXL_TI_CC1350F128" --include_path="C:/ti/tirtos_cc13xx_cc26xx_2_21_00_06/products/cc13xxware_2_04_03_17272" --include_path="C:/ti/ccsv7/tools/compiler/ti-cgt-arm_16.9.1.LTS/include" --define=ccs -g --diag_warning=225 --diag_warning=255 --diag_wrap=off --display_error_number --gen_func_subsections=on --abi=eabi --preproc_with_compile --preproc_dependency="CC1350_LAUNCHXL.d" --cmd_file="configPkg/compiler.opt" "../CC1350_LAUNCHXL.c"
'Invoking: ARM Compiler'
"C:/ti/ccsv7/tools/compiler/ti-cgt-arm_16.9.1.LTS/bin/armcl" -mv7M3 --code_state=16 --float_support=vfplib -me --include_path="C:/Users/VMORAIS/Desktop/2nd_semester/SpecialTopics/4.development/21.WSN/hello_CC1350_LAUNCHXL_TI_CC1350F128" --include_path="C:/Users/VMORAIS/Desktop/2nd_semester/SpecialTopics/4.development/21.WSN/hello_CC1350_LAUNCHXL_TI_CC1350F128" --include_path="C:/ti/tirtos_cc13xx_cc26xx_2_21_00_06/products/cc13xxware_2_04_03_17272" --include_path="C:/ti/ccsv7/tools/compiler/ti-cgt-arm_16.9.1.LTS/include" --define=ccs -g --diag_warning=225 --diag_warning=255 --diag_wrap=off --display_error_number --gen_func_subsections=on --abi=eabi --preproc_with_compile --preproc_dependency="NodeRadioTask.d" --cmd_file="configPkg/compiler.opt" "../NodeRadioTask.c"
'Building file: ../SceAdc.c'
'Invoking: ARM Compiler'
"C:/ti/ccsv7/tools/compiler/ti-cgt-arm_16.9.1.LTS/bin/armcl" -mv7M3 --code_state=16 --float_support=vfplib -me --include_path="C:/Users/VMORAIS/Desktop/2nd_semester/SpecialTopics/4.development/21.WSN/hello_CC1350_LAUNCHXL_TI_CC1350F128" --include_path="C:/Users/VMORAIS/Desktop/2nd_semester/SpecialTopics/4.development/21.WSN/hello_CC1350_LAUNCHXL_TI_CC1350F128" --include_path="C:/ti/tirtos_cc13xx_cc26xx_2_21_00_06/products/cc13xxware_2_04_03_17272" --include_path="C:/ti/ccsv7/tools/compiler/ti-cgt-arm_16.9.1.LTS/include" --define=ccs -g --diag_warning=225 --diag_warning=255 --diag_wrap=off --display_error_number --gen_func_subsections=on --abi=eabi --preproc_with_compile --preproc_dependency="NodeTask.d" --cmd_file="configPkg/compiler.opt" "../NodeTask.c"
'Invoking: ARM Compiler'
"C:/ti/ccsv7/tools/compiler/ti-cgt-arm_16.9.1.LTS/bin/armcl" -mv7M3 --code_state=16 --float_support=vfplib -me --include_path="C:/Users/VMORAIS/Desktop/2nd_semester/SpecialTopics/4.development/21.WSN/hello_CC1350_LAUNCHXL_TI_CC1350F128" --include_path="C:/Users/VMORAIS/Desktop/2nd_semester/SpecialTopics/4.development/21.WSN/hello_CC1350_LAUNCHXL_TI_CC1350F128" --include_path="C:/ti/tirtos_cc13xx_cc26xx_2_21_00_06/products/cc13xxware_2_04_03_17272" --include_path="C:/ti/ccsv7/tools/compiler/ti-cgt-arm_16.9.1.LTS/include" --define=ccs -g --diag_warning=225 --diag_warning=255 --diag_wrap=off --display_error_number --gen_func_subsections=on --abi=eabi --preproc_with_compile --preproc_dependency="SceAdc.d" --cmd_file="configPkg/compiler.opt" "../SceAdc.c"
'Finished building: ../SceAdc.c'
' '
'Building file: ../ccfg.c'
'Invoking: ARM Compiler'
"C:/ti/ccsv7/tools/compiler/ti-cgt-arm_16.9.1.LTS/bin/armcl" -mv7M3 --code_state=16 --float_support=vfplib -me --include_path="C:/Users/VMORAIS/Desktop/2nd_semester/SpecialTopics/4.development/21.WSN/hello_CC1350_LAUNCHXL_TI_CC1350F128" --include_path="C:/Users/VMORAIS/Desktop/2nd_semester/SpecialTopics/4.development/21.WSN/hello_CC1350_LAUNCHXL_TI_CC1350F128" --include_path="C:/ti/tirtos_cc13xx_cc26xx_2_21_00_06/products/cc13xxware_2_04_03_17272" --include_path="C:/ti/ccsv7/tools/compiler/ti-cgt-arm_16.9.1.LTS/include" --define=ccs -g --diag_warning=225 --diag_warning=255 --diag_wrap=off --display_error_number --gen_func_subsections=on --abi=eabi --preproc_with_compile --preproc_dependency="ccfg.d" --cmd_file="configPkg/compiler.opt" "../ccfg.c"
'Finished building: ../ccfg.c'
' '
'Building file: ../rfWsnNode.c'
'Invoking: ARM Compiler'
"C:/ti/ccsv7/tools/compiler/ti-cgt-arm_16.9.1.LTS/bin/armcl" -mv7M3 --code_state=16 --float_support=vfplib -me --include_path="C:/Users/VMORAIS/Desktop/2nd_semester/SpecialTopics/4.development/21.WSN/hello_CC1350_LAUNCHXL_TI_CC1350F128" --include_path="C:/Users/VMORAIS/Desktop/2nd_semester/SpecialTopics/4.development/21.WSN/hello_CC1350_LAUNCHXL_TI_CC1350F128" --include_path="C:/ti/tirtos_cc13xx_cc26xx_2_21_00_06/products/cc13xxware_2_04_03_17272" --include_path="C:/ti/ccsv7/tools/compiler/ti-cgt-arm_16.9.1.LTS/include" --define=ccs -g --diag_warning=225 --diag_warning=255 --diag_wrap=off --display_error_number --gen_func_subsections=on --abi=eabi --preproc_with_compile --preproc_dependency="rfWsnNode.d" --cmd_file="configPkg/compiler.opt" "../rfWsnNode.c"
'Finished building: ../NodeTask.c'
' '
'Building file: ../uartTask.c'
'Invoking: ARM Compiler'
"C:/ti/ccsv7/tools/compiler/ti-cgt-arm_16.9.1.LTS/bin/armcl" -mv7M3 --code_state=16 --float_support=vfplib -me --include_path="C:/Users/VMORAIS/Desktop/2nd_semester/SpecialTopics/4.development/21.WSN/hello_CC1350_LAUNCHXL_TI_CC1350F128" --include_path="C:/Users/VMORAIS/Desktop/2nd_semester/SpecialTopics/4.development/21.WSN/hello_CC1350_LAUNCHXL_TI_CC1350F128" --include_path="C:/ti/tirtos_cc13xx_cc26xx_2_21_00_06/products/cc13xxware_2_04_03_17272" --include_path="C:/ti/ccsv7/tools/compiler/ti-cgt-arm_16.9.1.LTS/include" --define=ccs -g --diag_warning=225 --diag_warning=255 --diag_wrap=off --display_error_number --gen_func_subsections=on --abi=eabi --preproc_with_compile --preproc_dependency="uartTask.d" --cmd_file="configPkg/compiler.opt" "../uartTask.c"
"../uartTask.c", line 127: warning #9-D: nested comment is not allowed
"../uartTask.c", line 99: warning #179-D: variable "input" was declared but never referenced
"../uartTask.c", line 100: warning #179-D: variable "echoPrompt" was declared but never referenced
"../uartTask.c", line 97: warning #179-D: function "uartTaskFunction" was declared but never referenced
'Finished building: ../rfWsnNode.c'
' '
'Building file: ../easylink/EasyLink.c'
'Finished building: ../NodeRadioTask.c'
'Invoking: ARM Compiler'
"C:/ti/ccsv7/tools/compiler/ti-cgt-arm_16.9.1.LTS/bin/armcl" -mv7M3 --code_state=16 --float_support=vfplib -me --include_path="C:/Users/VMORAIS/Desktop/2nd_semester/SpecialTopics/4.development/21.WSN/hello_CC1350_LAUNCHXL_TI_CC1350F128" --include_path="C:/Users/VMORAIS/Desktop/2nd_semester/SpecialTopics/4.development/21.WSN/hello_CC1350_LAUNCHXL_TI_CC1350F128" --include_path="C:/ti/tirtos_cc13xx_cc26xx_2_21_00_06/products/cc13xxware_2_04_03_17272" --include_path="C:/ti/ccsv7/tools/compiler/ti-cgt-arm_16.9.1.LTS/include" --define=ccs -g --diag_warning=225 --diag_warning=255 --diag_wrap=off --display_error_number --gen_func_subsections=on --abi=eabi --preproc_with_compile --preproc_dependency="easylink/EasyLink.d" --obj_directory="easylink" --cmd_file="configPkg/compiler.opt" "../easylink/EasyLink.c"
' '
'Building file: ../sce/scif.c'
'Invoking: ARM Compiler'
"C:/ti/ccsv7/tools/compiler/ti-cgt-arm_16.9.1.LTS/bin/armcl" -mv7M3 --code_state=16 --float_support=vfplib -me --include_path="C:/Users/VMORAIS/Desktop/2nd_semester/SpecialTopics/4.development/21.WSN/hello_CC1350_LAUNCHXL_TI_CC1350F128" --include_path="C:/Users/VMORAIS/Desktop/2nd_semester/SpecialTopics/4.development/21.WSN/hello_CC1350_LAUNCHXL_TI_CC1350F128" --include_path="C:/ti/tirtos_cc13xx_cc26xx_2_21_00_06/products/cc13xxware_2_04_03_17272" --include_path="C:/ti/ccsv7/tools/compiler/ti-cgt-arm_16.9.1.LTS/include" --define=ccs -g --diag_warning=225 --diag_warning=255 --diag_wrap=off --display_error_number --gen_func_subsections=on --abi=eabi --preproc_with_compile --preproc_dependency="sce/scif.d" --obj_directory="sce" --cmd_file="configPkg/compiler.opt" "../sce/scif.c"
'Finished building: ../CC1350_LAUNCHXL.c'
' '
'Building file: ../sce/scif_framework.c'
'Invoking: ARM Compiler'
"C:/ti/ccsv7/tools/compiler/ti-cgt-arm_16.9.1.LTS/bin/armcl" -mv7M3 --code_state=16 --float_support=vfplib -me --include_path="C:/Users/VMORAIS/Desktop/2nd_semester/SpecialTopics/4.development/21.WSN/hello_CC1350_LAUNCHXL_TI_CC1350F128" --include_path="C:/Users/VMORAIS/Desktop/2nd_semester/SpecialTopics/4.development/21.WSN/hello_CC1350_LAUNCHXL_TI_CC1350F128" --include_path="C:/ti/tirtos_cc13xx_cc26xx_2_21_00_06/products/cc13xxware_2_04_03_17272" --include_path="C:/ti/ccsv7/tools/compiler/ti-cgt-arm_16.9.1.LTS/include" --define=ccs -g --diag_warning=225 --diag_warning=255 --diag_wrap=off --display_error_number --gen_func_subsections=on --abi=eabi --preproc_with_compile --preproc_dependency="sce/scif_framework.d" --obj_directory="sce" --cmd_file="configPkg/compiler.opt" "../sce/scif_framework.c"
'Finished building: ../sce/scif.c'
' '
'Finished building: ../uartTask.c'
'Building file: ../sce/scif_osal_tirtos.c'
' '
'Invoking: ARM Compiler'
"C:/ti/ccsv7/tools/compiler/ti-cgt-arm_16.9.1.LTS/bin/armcl" -mv7M3 --code_state=16 --float_support=vfplib -me --include_path="C:/Users/VMORAIS/Desktop/2nd_semester/SpecialTopics/4.development/21.WSN/hello_CC1350_LAUNCHXL_TI_CC1350F128" --include_path="C:/Users/VMORAIS/Desktop/2nd_semester/SpecialTopics/4.development/21.WSN/hello_CC1350_LAUNCHXL_TI_CC1350F128" --include_path="C:/ti/tirtos_cc13xx_cc26xx_2_21_00_06/products/cc13xxware_2_04_03_17272" --include_path="C:/ti/ccsv7/tools/compiler/ti-cgt-arm_16.9.1.LTS/include" --define=ccs -g --diag_warning=225 --diag_warning=255 --diag_wrap=off --display_error_number --gen_func_subsections=on --abi=eabi --preproc_with_compile --preproc_dependency="sce/scif_osal_tirtos.d" --obj_directory="sce" --cmd_file="configPkg/compiler.opt" "../sce/scif_osal_tirtos.c"
'Building file: ../smartrf_settings/smartrf_settings.c'
'Invoking: ARM Compiler'
"C:/ti/ccsv7/tools/compiler/ti-cgt-arm_16.9.1.LTS/bin/armcl" -mv7M3 --code_state=16 --float_support=vfplib -me --include_path="C:/Users/VMORAIS/Desktop/2nd_semester/SpecialTopics/4.development/21.WSN/hello_CC1350_LAUNCHXL_TI_CC1350F128" --include_path="C:/Users/VMORAIS/Desktop/2nd_semester/SpecialTopics/4.development/21.WSN/hello_CC1350_LAUNCHXL_TI_CC1350F128" --include_path="C:/ti/tirtos_cc13xx_cc26xx_2_21_00_06/products/cc13xxware_2_04_03_17272" --include_path="C:/ti/ccsv7/tools/compiler/ti-cgt-arm_16.9.1.LTS/include" --define=ccs -g --diag_warning=225 --diag_warning=255 --diag_wrap=off --display_error_number --gen_func_subsections=on --abi=eabi --preproc_with_compile --preproc_dependency="smartrf_settings/smartrf_settings.d" --obj_directory="smartrf_settings" --cmd_file="configPkg/compiler.opt" "../smartrf_settings/smartrf_settings.c"
'Finished building: ../sce/scif_osal_tirtos.c'
' '
'Building file: ../smartrf_settings/smartrf_settings_predefined.c'
'Invoking: ARM Compiler'
"C:/ti/ccsv7/tools/compiler/ti-cgt-arm_16.9.1.LTS/bin/armcl" -mv7M3 --code_state=16 --float_support=vfplib -me --include_path="C:/Users/VMORAIS/Desktop/2nd_semester/SpecialTopics/4.development/21.WSN/hello_CC1350_LAUNCHXL_TI_CC1350F128" --include_path="C:/Users/VMORAIS/Desktop/2nd_semester/SpecialTopics/4.development/21.WSN/hello_CC1350_LAUNCHXL_TI_CC1350F128" --include_path="C:/ti/tirtos_cc13xx_cc26xx_2_21_00_06/products/cc13xxware_2_04_03_17272" --include_path="C:/ti/ccsv7/tools/compiler/ti-cgt-arm_16.9.1.LTS/include" --define=ccs -g --diag_warning=225 --diag_warning=255 --diag_wrap=off --display_error_number --gen_func_subsections=on --abi=eabi --preproc_with_compile --preproc_dependency="smartrf_settings/smartrf_settings_predefined.d" --obj_directory="smartrf_settings" --cmd_file="configPkg/compiler.opt" "../smartrf_settings/smartrf_settings_predefined.c"
'Finished building: ../smartrf_settings/smartrf_settings.c'
' '
'Finished building: ../sce/scif_framework.c'
making ../src/sysbios/rom_sysbios.aem3 ...
' '
gmake[2]: Nothing to be done for 'all'.
'Finished building: ../easylink/EasyLink.c'
' '
'Finished building: ../smartrf_settings/smartrf_settings_predefined.c'
' '
'Building target: hello_CC1350_LAUNCHXL_TI_CC1350F128.out'
'Invoking: ARM Linker'
"C:/ti/ccsv7/tools/compiler/ti-cgt-arm_16.9.1.LTS/bin/armcl" -mv7M3 --code_state=16 --float_support=vfplib -me --define=ccs -g --diag_warning=225 --diag_warning=255 --diag_wrap=off --display_error_number --gen_func_subsections=on --abi=eabi -z -m"hello_CC1350_LAUNCHXL_TI_CC1350F128.map" --heap_size=0 --stack_size=256 -i"C:/ti/ccsv7/tools/compiler/ti-cgt-arm_16.9.1.LTS/lib" -i"C:/ti/ccsv7/tools/compiler/ti-cgt-arm_16.9.1.LTS/include" --reread_libs --diag_wrap=off --display_error_number --warn_sections --xml_link_info="hello_CC1350_LAUNCHXL_TI_CC1350F128_linkInfo.xml" --rom_model -o "hello_CC1350_LAUNCHXL_TI_CC1350F128.out" "./CC1350_LAUNCHXL.obj" "./NodeRadioTask.obj" "./NodeTask.obj" "./SceAdc.obj" "./ccfg.obj" "./rfWsnNode.obj" "./uartTask.obj" "./easylink/EasyLink.obj" "./sce/scif.obj" "./sce/scif_framework.obj" "./sce/scif_osal_tirtos.obj" "./smartrf_settings/smartrf_settings.obj" "./smartrf_settings/smartrf_settings_predefined.obj" "../CC1350_LAUNCHXL.cmd" -l"configPkg/linker.cmd" -l"C:/ti/tirtos_cc13xx_cc26xx_2_21_00_06/products/cc13xxware_2_04_03_17272/driverlib/bin/ccs/driverlib.lib" -llibc.a 
<Linking>
'Finished building target: hello_CC1350_LAUNCHXL_TI_CC1350F128.out'
' '

**** Build Finished ****
