\BOOKMARK [0][-]{init.0}{Front Page}{}% 1
\BOOKMARK [0][-]{chapter.1}{1 Introduction}{}% 2
\BOOKMARK [1][-]{section.1.1}{1.1 Context and motivation of PhD}{chapter.1}% 3
\BOOKMARK [1][-]{section.1.2}{1.2 Context and motivation of monitoring PV converters using WSN's}{chapter.1}% 4
\BOOKMARK [1][-]{section.1.3}{1.3 Document structure}{chapter.1}% 5
\BOOKMARK [0][-]{chapter.2}{2 System Specification}{}% 6
\BOOKMARK [1][-]{section.2.1}{2.1 Overview of the existing wireless communication system}{chapter.2}% 7
\BOOKMARK [1][-]{section.2.2}{2.2 System Requirement Specification}{chapter.2}% 8
\BOOKMARK [1][-]{section.2.3}{2.3 Market survey on wireless technologies}{chapter.2}% 9
\BOOKMARK [2][-]{subsection.2.3.1}{2.3.1 Atmel \205 SAM R21 Xplained Pro Evaluation Kit}{section.2.3}% 10
\BOOKMARK [2][-]{subsection.2.3.2}{2.3.2 CC1310 SimpleLink\222 Sub-1 GHz Ultra-Low Power Wireless Microcontroller}{section.2.3}% 11
\BOOKMARK [2][-]{subsection.2.3.3}{2.3.3 Adafruit Feather 32u4 Radio \(RFM69HCW\)}{section.2.3}% 12
\BOOKMARK [2][-]{subsection.2.3.4}{2.3.4 Adafruit Feather HUZZAH ESP8266}{section.2.3}% 13
\BOOKMARK [2][-]{subsection.2.3.5}{2.3.5 ATxmega256A3U AT86RF233 ZigBit Module}{section.2.3}% 14
\BOOKMARK [2][-]{subsection.2.3.6}{2.3.6 CC1350 SimpleLink\222 Ultra-Low Power Dual Band Wireless Microcontroller}{section.2.3}% 15
\BOOKMARK [1][-]{section.2.4}{2.4 Protocols and standards}{chapter.2}% 16
\BOOKMARK [2][-]{subsection.2.4.1}{2.4.1 IEEE 802.15}{section.2.4}% 17
\BOOKMARK [2][-]{subsection.2.4.2}{2.4.2 802.15.4-based wireless standards}{section.2.4}% 18
\BOOKMARK [1][-]{section.2.5}{2.5 Communication KPI\220s}{chapter.2}% 19
\BOOKMARK [0][-]{chapter.3}{3 Development of Wireless Monitoring System}{}% 20
\BOOKMARK [1][-]{section.3.1}{3.1 Description of the selected wireless technology}{chapter.3}% 21
\BOOKMARK [1][-]{section.3.2}{3.2 Hardware and software architecture}{chapter.3}% 22
\BOOKMARK [1][-]{section.3.3}{3.3 Communication results and KPI metrics}{chapter.3}% 23
\BOOKMARK [1][-]{section.3.4}{3.4 Discussion of the results}{chapter.3}% 24
\BOOKMARK [0][-]{chapter.4}{4 Results and Discussion}{}% 25
\BOOKMARK [0][-]{chapter.5}{5 Conclusions and Future Work}{}% 26
